::1 - - [Tue, 11 Jan 2022 20:08:57 GMT] "GET / HTTP/1.1" 200 38793 "-" "Mozilla/5.0 (Windows NT 10.0; Win64; x64) AppleWebKit/537.36 (KHTML, like Gecko) Chrome/97.0.4692.71 Safari/537.36"

::1 - - [Tue, 11 Jan 2022 20:09:37 GMT] "GET /users/sign-in HTTP/1.1" 304 - "http://localhost:8002/" "Mozilla/5.0 (Windows NT 10.0; Win64; x64) AppleWebKit/537.36 (KHTML, like Gecko) Chrome/97.0.4692.71 Safari/537.36"
::1 - - [Tue, 11 Jan 2022 20:09:39 GMT] "POST /users/create-session HTTP/1.1" 302 46 "http://localhost:8002/users/sign-in" "Mozilla/5.0 (Windows NT 10.0; Win64; x64) AppleWebKit/537.36 (KHTML, like Gecko) Chrome/97.0.4692.71 Safari/537.36"
::1 - - [Tue, 11 Jan 2022 20:09:39 GMT] "GET / HTTP/1.1" 200 65180 "http://localhost:8002/users/sign-in" "Mozilla/5.0 (Windows NT 10.0; Win64; x64) AppleWebKit/537.36 (KHTML, like Gecko) Chrome/97.0.4692.71 Safari/537.36"
::1 - - [Tue, 11 Jan 2022 20:14:22 GMT] "POST /posts/create HTTP/1.1" 200 244 "http://localhost:8002/" "Mozilla/5.0 (Windows NT 10.0; Win64; x64) AppleWebKit/537.36 (KHTML, like Gecko) Chrome/97.0.4692.71 Safari/537.36"
::1 - - [Tue, 11 Jan 2022 20:14:25 GMT] "GET / HTTP/1.1" 200 65918 "http://localhost:8002/users/sign-in" "Mozilla/5.0 (Windows NT 10.0; Win64; x64) AppleWebKit/537.36 (KHTML, like Gecko) Chrome/97.0.4692.71 Safari/537.36"
::1 - - [Tue, 11 Jan 2022 20:14:30 GMT] "POST /comments/create HTTP/1.1" 302 46 "http://localhost:8002/" "Mozilla/5.0 (Windows NT 10.0; Win64; x64) AppleWebKit/537.36 (KHTML, like Gecko) Chrome/97.0.4692.71 Safari/537.36"
::1 - - [Tue, 11 Jan 2022 20:14:31 GMT] "GET / HTTP/1.1" 200 66182 "http://localhost:8002/" "Mozilla/5.0 (Windows NT 10.0; Win64; x64) AppleWebKit/537.36 (KHTML, like Gecko) Chrome/97.0.4692.71 Safari/537.36"
::1 - - [Tue, 11 Jan 2022 20:14:37 GMT] "POST /comments/create HTTP/1.1" 302 46 "http://localhost:8002/" "Mozilla/5.0 (Windows NT 10.0; Win64; x64) AppleWebKit/537.36 (KHTML, like Gecko) Chrome/97.0.4692.71 Safari/537.36"
::1 - - [Tue, 11 Jan 2022 20:14:37 GMT] "GET / HTTP/1.1" 200 66938 "http://localhost:8002/" "Mozilla/5.0 (Windows NT 10.0; Win64; x64) AppleWebKit/537.36 (KHTML, like Gecko) Chrome/97.0.4692.71 Safari/537.36"
::1 - - [Tue, 11 Jan 2022 20:22:28 GMT] "GET / HTTP/1.1" 200 39712 "http://localhost:8002/" "Mozilla/5.0 (Windows NT 10.0; Win64; x64) AppleWebKit/537.36 (KHTML, like Gecko) Chrome/97.0.4692.71 Safari/537.36"
::1 - - [Tue, 11 Jan 2022 20:30:31 GMT] "GET /users/profile/61c881375a0e2d0d7cbe705a HTTP/1.1" 302 72 "http://localhost:8002/" "Mozilla/5.0 (Windows NT 10.0; Win64; x64) AppleWebKit/537.36 (KHTML, like Gecko) Chrome/97.0.4692.71 Safari/537.36"
::1 - - [Tue, 11 Jan 2022 20:30:31 GMT] "GET /users/sign-in HTTP/1.1" 304 - "http://localhost:8002/" "Mozilla/5.0 (Windows NT 10.0; Win64; x64) AppleWebKit/537.36 (KHTML, like Gecko) Chrome/97.0.4692.71 Safari/537.36"
::1 - - [Tue, 11 Jan 2022 20:30:34 GMT] "POST /users/create-session HTTP/1.1" 302 46 "http://localhost:8002/users/sign-in" "Mozilla/5.0 (Windows NT 10.0; Win64; x64) AppleWebKit/537.36 (KHTML, like Gecko) Chrome/97.0.4692.71 Safari/537.36"
::1 - - [Tue, 11 Jan 2022 20:30:34 GMT] "GET / HTTP/1.1" 200 66942 "http://localhost:8002/users/sign-in" "Mozilla/5.0 (Windows NT 10.0; Win64; x64) AppleWebKit/537.36 (KHTML, like Gecko) Chrome/97.0.4692.71 Safari/537.36"
::1 - - [Tue, 11 Jan 2022 21:28:13 GMT] "GET / HTTP/1.1" 200 39711 "http://localhost:8002/users/sign-in" "Mozilla/5.0 (Windows NT 10.0; Win64; x64) AppleWebKit/537.36 (KHTML, like Gecko) Chrome/97.0.4692.71 Safari/537.36"
::1 - - [Tue, 11 Jan 2022 21:28:16 GMT] "GET /users/sign-in HTTP/1.1" 200 1824 "http://localhost:8002/" "Mozilla/5.0 (Windows NT 10.0; Win64; x64) AppleWebKit/537.36 (KHTML, like Gecko) Chrome/97.0.4692.71 Safari/537.36"
::1 - - [Tue, 11 Jan 2022 21:28:16 GMT] "GET /users/css/layout.css HTTP/1.1" 404 159 "http://localhost:8002/users/sign-in" "Mozilla/5.0 (Windows NT 10.0; Win64; x64) AppleWebKit/537.36 (KHTML, like Gecko) Chrome/97.0.4692.71 Safari/537.36"
::1 - - [Tue, 11 Jan 2022 21:28:22 GMT] "POST /users/create-session HTTP/1.1" 302 46 "http://localhost:8002/users/sign-in" "Mozilla/5.0 (Windows NT 10.0; Win64; x64) AppleWebKit/537.36 (KHTML, like Gecko) Chrome/97.0.4692.71 Safari/537.36"
::1 - - [Tue, 11 Jan 2022 21:28:22 GMT] "GET / HTTP/1.1" 200 66941 "http://localhost:8002/users/sign-in" "Mozilla/5.0 (Windows NT 10.0; Win64; x64) AppleWebKit/537.36 (KHTML, like Gecko) Chrome/97.0.4692.71 Safari/537.36"
::1 - - [Tue, 11 Jan 2022 21:28:25 GMT] "GET /users/sign-out HTTP/1.1" 302 46 "http://localhost:8002/" "Mozilla/5.0 (Windows NT 10.0; Win64; x64) AppleWebKit/537.36 (KHTML, like Gecko) Chrome/97.0.4692.71 Safari/537.36"
::1 - - [Tue, 11 Jan 2022 21:28:25 GMT] "GET / HTTP/1.1" 200 39964 "http://localhost:8002/" "Mozilla/5.0 (Windows NT 10.0; Win64; x64) AppleWebKit/537.36 (KHTML, like Gecko) Chrome/97.0.4692.71 Safari/537.36"
::1 - - [Tue, 11 Jan 2022 21:28:35 GMT] "GET /users/sign-in HTTP/1.1" 304 - "http://localhost:8002/" "Mozilla/5.0 (Windows NT 10.0; Win64; x64) AppleWebKit/537.36 (KHTML, like Gecko) Chrome/97.0.4692.71 Safari/537.36"
::1 - - [Tue, 11 Jan 2022 21:28:35 GMT] "GET /users/css/layout.css HTTP/1.1" 404 159 "http://localhost:8002/users/sign-in" "Mozilla/5.0 (Windows NT 10.0; Win64; x64) AppleWebKit/537.36 (KHTML, like Gecko) Chrome/97.0.4692.71 Safari/537.36"
::1 - - [Tue, 11 Jan 2022 21:28:41 GMT] "GET /users/sign-in HTTP/1.1" 304 - "http://localhost:8002/" "Mozilla/5.0 (Windows NT 10.0; Win64; x64) AppleWebKit/537.36 (KHTML, like Gecko) Chrome/97.0.4692.71 Safari/537.36"
::1 - - [Tue, 11 Jan 2022 21:28:41 GMT] "GET /users/css/layout.css HTTP/1.1" 404 159 "http://localhost:8002/users/sign-in" "Mozilla/5.0 (Windows NT 10.0; Win64; x64) AppleWebKit/537.36 (KHTML, like Gecko) Chrome/97.0.4692.71 Safari/537.36"
::1 - - [Tue, 11 Jan 2022 21:28:42 GMT] "GET /users/sign-up HTTP/1.1" 200 1985 "http://localhost:8002/users/sign-in" "Mozilla/5.0 (Windows NT 10.0; Win64; x64) AppleWebKit/537.36 (KHTML, like Gecko) Chrome/97.0.4692.71 Safari/537.36"
::1 - - [Tue, 11 Jan 2022 21:28:42 GMT] "GET /users/css/layout.css HTTP/1.1" 404 159 "http://localhost:8002/users/sign-up" "Mozilla/5.0 (Windows NT 10.0; Win64; x64) AppleWebKit/537.36 (KHTML, like Gecko) Chrome/97.0.4692.71 Safari/537.36"
::1 - - [Tue, 11 Jan 2022 21:28:43 GMT] "GET /users/sign-up HTTP/1.1" 304 - "http://localhost:8002/users/sign-up" "Mozilla/5.0 (Windows NT 10.0; Win64; x64) AppleWebKit/537.36 (KHTML, like Gecko) Chrome/97.0.4692.71 Safari/537.36"
::1 - - [Tue, 11 Jan 2022 21:28:43 GMT] "GET /users/css/layout.css HTTP/1.1" 404 159 "http://localhost:8002/users/sign-up" "Mozilla/5.0 (Windows NT 10.0; Win64; x64) AppleWebKit/537.36 (KHTML, like Gecko) Chrome/97.0.4692.71 Safari/537.36"
::1 - - [Tue, 11 Jan 2022 21:29:41 GMT] "GET /users/sign-up HTTP/1.1" 304 - "http://localhost:8002/users/sign-up" "Mozilla/5.0 (Windows NT 10.0; Win64; x64) AppleWebKit/537.36 (KHTML, like Gecko) Chrome/97.0.4692.71 Safari/537.36"
::1 - - [Tue, 11 Jan 2022 21:29:41 GMT] "GET /users/css/layout.css HTTP/1.1" 404 159 "http://localhost:8002/users/sign-up" "Mozilla/5.0 (Windows NT 10.0; Win64; x64) AppleWebKit/537.36 (KHTML, like Gecko) Chrome/97.0.4692.71 Safari/537.36"
::1 - - [Tue, 11 Jan 2022 21:29:42 GMT] "GET /users/sign-up HTTP/1.1" 304 - "http://localhost:8002/users/sign-up" "Mozilla/5.0 (Windows NT 10.0; Win64; x64) AppleWebKit/537.36 (KHTML, like Gecko) Chrome/97.0.4692.71 Safari/537.36"
::1 - - [Tue, 11 Jan 2022 21:29:42 GMT] "GET /users/css/layout.css HTTP/1.1" 404 159 "http://localhost:8002/users/sign-up" "Mozilla/5.0 (Windows NT 10.0; Win64; x64) AppleWebKit/537.36 (KHTML, like Gecko) Chrome/97.0.4692.71 Safari/537.36"
::1 - - [Tue, 11 Jan 2022 21:29:42 GMT] "GET /users/sign-up HTTP/1.1" 304 - "http://localhost:8002/users/sign-up" "Mozilla/5.0 (Windows NT 10.0; Win64; x64) AppleWebKit/537.36 (KHTML, like Gecko) Chrome/97.0.4692.71 Safari/537.36"
::1 - - [Tue, 11 Jan 2022 21:29:42 GMT] "GET /users/css/layout.css HTTP/1.1" 404 159 "http://localhost:8002/users/sign-up" "Mozilla/5.0 (Windows NT 10.0; Win64; x64) AppleWebKit/537.36 (KHTML, like Gecko) Chrome/97.0.4692.71 Safari/537.36"
::1 - - [Tue, 11 Jan 2022 21:29:43 GMT] "GET /users/sign-in HTTP/1.1" 304 - "http://localhost:8002/users/sign-up" "Mozilla/5.0 (Windows NT 10.0; Win64; x64) AppleWebKit/537.36 (KHTML, like Gecko) Chrome/97.0.4692.71 Safari/537.36"
::1 - - [Tue, 11 Jan 2022 21:29:43 GMT] "GET /users/css/layout.css HTTP/1.1" 404 159 "http://localhost:8002/users/sign-in" "Mozilla/5.0 (Windows NT 10.0; Win64; x64) AppleWebKit/537.36 (KHTML, like Gecko) Chrome/97.0.4692.71 Safari/537.36"
::1 - - [Tue, 11 Jan 2022 21:29:44 GMT] "GET /users/sign-up HTTP/1.1" 304 - "http://localhost:8002/users/sign-in" "Mozilla/5.0 (Windows NT 10.0; Win64; x64) AppleWebKit/537.36 (KHTML, like Gecko) Chrome/97.0.4692.71 Safari/537.36"
::1 - - [Tue, 11 Jan 2022 21:29:44 GMT] "GET /users/css/layout.css HTTP/1.1" 404 159 "http://localhost:8002/users/sign-up" "Mozilla/5.0 (Windows NT 10.0; Win64; x64) AppleWebKit/537.36 (KHTML, like Gecko) Chrome/97.0.4692.71 Safari/537.36"
::1 - - [Tue, 11 Jan 2022 21:29:46 GMT] "GET /users/sign-in HTTP/1.1" 304 - "http://localhost:8002/users/sign-up" "Mozilla/5.0 (Windows NT 10.0; Win64; x64) AppleWebKit/537.36 (KHTML, like Gecko) Chrome/97.0.4692.71 Safari/537.36"
::1 - - [Tue, 11 Jan 2022 21:29:46 GMT] "GET /users/css/layout.css HTTP/1.1" 404 159 "http://localhost:8002/users/sign-in" "Mozilla/5.0 (Windows NT 10.0; Win64; x64) AppleWebKit/537.36 (KHTML, like Gecko) Chrome/97.0.4692.71 Safari/537.36"
::1 - - [Tue, 11 Jan 2022 21:29:51 GMT] "GET / HTTP/1.1" 200 39711 "-" "Mozilla/5.0 (Windows NT 10.0; Win64; x64) AppleWebKit/537.36 (KHTML, like Gecko) Chrome/97.0.4692.71 Safari/537.36"
::1 - - [Tue, 11 Jan 2022 21:29:54 GMT] "GET /users/sign-in HTTP/1.1" 304 - "http://localhost:8002/" "Mozilla/5.0 (Windows NT 10.0; Win64; x64) AppleWebKit/537.36 (KHTML, like Gecko) Chrome/97.0.4692.71 Safari/537.36"
::1 - - [Tue, 11 Jan 2022 21:29:54 GMT] "GET /users/css/layout.css HTTP/1.1" 404 159 "http://localhost:8002/users/sign-in" "Mozilla/5.0 (Windows NT 10.0; Win64; x64) AppleWebKit/537.36 (KHTML, like Gecko) Chrome/97.0.4692.71 Safari/537.36"
::1 - - [Tue, 11 Jan 2022 21:31:16 GMT] "GET /users/sign-in HTTP/1.1" 304 - "http://localhost:8002/" "Mozilla/5.0 (Windows NT 10.0; Win64; x64) AppleWebKit/537.36 (KHTML, like Gecko) Chrome/97.0.4692.71 Safari/537.36"
::1 - - [Tue, 11 Jan 2022 21:31:16 GMT] "GET /users/css/layout.css HTTP/1.1" 404 159 "http://localhost:8002/users/sign-in" "Mozilla/5.0 (Windows NT 10.0; Win64; x64) AppleWebKit/537.36 (KHTML, like Gecko) Chrome/97.0.4692.71 Safari/537.36"
::1 - - [Tue, 11 Jan 2022 21:31:19 GMT] "GET /users/sign-in HTTP/1.1" 304 - "http://localhost:8002/users/sign-in" "Mozilla/5.0 (Windows NT 10.0; Win64; x64) AppleWebKit/537.36 (KHTML, like Gecko) Chrome/97.0.4692.71 Safari/537.36"
::1 - - [Tue, 11 Jan 2022 21:31:19 GMT] "GET /users/css/layout.css HTTP/1.1" 404 159 "http://localhost:8002/users/sign-in" "Mozilla/5.0 (Windows NT 10.0; Win64; x64) AppleWebKit/537.36 (KHTML, like Gecko) Chrome/97.0.4692.71 Safari/537.36"
::1 - - [Tue, 11 Jan 2022 21:31:19 GMT] "GET /users/sign-in HTTP/1.1" 304 - "http://localhost:8002/users/sign-in" "Mozilla/5.0 (Windows NT 10.0; Win64; x64) AppleWebKit/537.36 (KHTML, like Gecko) Chrome/97.0.4692.71 Safari/537.36"
::1 - - [Tue, 11 Jan 2022 21:31:19 GMT] "GET /users/css/layout.css HTTP/1.1" 404 159 "http://localhost:8002/users/sign-in" "Mozilla/5.0 (Windows NT 10.0; Win64; x64) AppleWebKit/537.36 (KHTML, like Gecko) Chrome/97.0.4692.71 Safari/537.36"
::1 - - [Tue, 11 Jan 2022 21:31:20 GMT] "GET /users/sign-in HTTP/1.1" 304 - "http://localhost:8002/users/sign-in" "Mozilla/5.0 (Windows NT 10.0; Win64; x64) AppleWebKit/537.36 (KHTML, like Gecko) Chrome/97.0.4692.71 Safari/537.36"
::1 - - [Tue, 11 Jan 2022 21:31:20 GMT] "GET /users/css/layout.css HTTP/1.1" 404 159 "http://localhost:8002/users/sign-in" "Mozilla/5.0 (Windows NT 10.0; Win64; x64) AppleWebKit/537.36 (KHTML, like Gecko) Chrome/97.0.4692.71 Safari/537.36"
::1 - - [Tue, 11 Jan 2022 21:31:20 GMT] "GET /users/sign-in HTTP/1.1" 304 - "http://localhost:8002/users/sign-in" "Mozilla/5.0 (Windows NT 10.0; Win64; x64) AppleWebKit/537.36 (KHTML, like Gecko) Chrome/97.0.4692.71 Safari/537.36"
::1 - - [Tue, 11 Jan 2022 21:31:20 GMT] "GET /users/css/layout.css HTTP/1.1" 404 159 "http://localhost:8002/users/sign-in" "Mozilla/5.0 (Windows NT 10.0; Win64; x64) AppleWebKit/537.36 (KHTML, like Gecko) Chrome/97.0.4692.71 Safari/537.36"
::1 - - [Tue, 11 Jan 2022 21:31:21 GMT] "GET /users/sign-up HTTP/1.1" 304 - "http://localhost:8002/users/sign-in" "Mozilla/5.0 (Windows NT 10.0; Win64; x64) AppleWebKit/537.36 (KHTML, like Gecko) Chrome/97.0.4692.71 Safari/537.36"
::1 - - [Tue, 11 Jan 2022 21:31:21 GMT] "GET /users/css/layout.css HTTP/1.1" 404 159 "http://localhost:8002/users/sign-up" "Mozilla/5.0 (Windows NT 10.0; Win64; x64) AppleWebKit/537.36 (KHTML, like Gecko) Chrome/97.0.4692.71 Safari/537.36"
::1 - - [Tue, 11 Jan 2022 21:31:23 GMT] "GET / HTTP/1.1" 304 - "http://localhost:8002/users/sign-up" "Mozilla/5.0 (Windows NT 10.0; Win64; x64) AppleWebKit/537.36 (KHTML, like Gecko) Chrome/97.0.4692.71 Safari/537.36"
::1 - - [Tue, 11 Jan 2022 21:41:09 GMT] "GET / HTTP/1.1" 500 148 "-" "Mozilla/5.0 (Windows NT 10.0; Win64; x64) AppleWebKit/537.36 (KHTML, like Gecko) Chrome/97.0.4692.71 Safari/537.36"
::1 - - [Tue, 11 Jan 2022 21:42:41 GMT] "GET / HTTP/1.1" 200 2067 "-" "Mozilla/5.0 (Windows NT 10.0; Win64; x64) AppleWebKit/537.36 (KHTML, like Gecko) Chrome/97.0.4692.71 Safari/537.36"
::1 - - [Tue, 11 Jan 2022 21:42:44 GMT] "GET /users/sign-in HTTP/1.1" 304 - "http://localhost:8002/" "Mozilla/5.0 (Windows NT 10.0; Win64; x64) AppleWebKit/537.36 (KHTML, like Gecko) Chrome/97.0.4692.71 Safari/537.36"
::1 - - [Tue, 11 Jan 2022 21:42:44 GMT] "GET /users/css/layout.css HTTP/1.1" 404 159 "http://localhost:8002/users/sign-in" "Mozilla/5.0 (Windows NT 10.0; Win64; x64) AppleWebKit/537.36 (KHTML, like Gecko) Chrome/97.0.4692.71 Safari/537.36"
::1 - - [Tue, 11 Jan 2022 21:42:46 GMT] "POST /users/create-session HTTP/1.1" 302 72 "http://localhost:8002/users/sign-in" "Mozilla/5.0 (Windows NT 10.0; Win64; x64) AppleWebKit/537.36 (KHTML, like Gecko) Chrome/97.0.4692.71 Safari/537.36"
::1 - - [Tue, 11 Jan 2022 21:42:46 GMT] "GET /users/sign-in HTTP/1.1" 200 2061 "http://localhost:8002/users/sign-in" "Mozilla/5.0 (Windows NT 10.0; Win64; x64) AppleWebKit/537.36 (KHTML, like Gecko) Chrome/97.0.4692.71 Safari/537.36"
::1 - - [Tue, 11 Jan 2022 21:42:46 GMT] "GET /users/css/layout.css HTTP/1.1" 404 159 "http://localhost:8002/users/sign-in" "Mozilla/5.0 (Windows NT 10.0; Win64; x64) AppleWebKit/537.36 (KHTML, like Gecko) Chrome/97.0.4692.71 Safari/537.36"
::1 - - [Tue, 11 Jan 2022 21:42:51 GMT] "GET /users/sign-up HTTP/1.1" 304 - "http://localhost:8002/users/sign-in" "Mozilla/5.0 (Windows NT 10.0; Win64; x64) AppleWebKit/537.36 (KHTML, like Gecko) Chrome/97.0.4692.71 Safari/537.36"
::1 - - [Tue, 11 Jan 2022 21:42:51 GMT] "GET /users/css/layout.css HTTP/1.1" 404 159 "http://localhost:8002/users/sign-up" "Mozilla/5.0 (Windows NT 10.0; Win64; x64) AppleWebKit/537.36 (KHTML, like Gecko) Chrome/97.0.4692.71 Safari/537.36"
::1 - - [Tue, 11 Jan 2022 21:43:00 GMT] "POST /users/create HTTP/1.1" 302 72 "http://localhost:8002/users/sign-up" "Mozilla/5.0 (Windows NT 10.0; Win64; x64) AppleWebKit/537.36 (KHTML, like Gecko) Chrome/97.0.4692.71 Safari/537.36"
::1 - - [Tue, 11 Jan 2022 21:43:00 GMT] "GET /users/sign-in HTTP/1.1" 200 1824 "http://localhost:8002/users/sign-up" "Mozilla/5.0 (Windows NT 10.0; Win64; x64) AppleWebKit/537.36 (KHTML, like Gecko) Chrome/97.0.4692.71 Safari/537.36"
::1 - - [Tue, 11 Jan 2022 21:43:00 GMT] "GET /users/css/layout.css HTTP/1.1" 404 159 "http://localhost:8002/users/sign-in" "Mozilla/5.0 (Windows NT 10.0; Win64; x64) AppleWebKit/537.36 (KHTML, like Gecko) Chrome/97.0.4692.71 Safari/537.36"
::1 - - [Tue, 11 Jan 2022 21:43:07 GMT] "POST /users/create-session HTTP/1.1" 302 46 "http://localhost:8002/users/sign-in" "Mozilla/5.0 (Windows NT 10.0; Win64; x64) AppleWebKit/537.36 (KHTML, like Gecko) Chrome/97.0.4692.71 Safari/537.36"
::1 - - [Tue, 11 Jan 2022 21:43:07 GMT] "GET / HTTP/1.1" 200 3194 "http://localhost:8002/users/sign-in" "Mozilla/5.0 (Windows NT 10.0; Win64; x64) AppleWebKit/537.36 (KHTML, like Gecko) Chrome/97.0.4692.71 Safari/537.36"
::1 - - [Tue, 11 Jan 2022 21:43:20 GMT] "POST /posts/create HTTP/1.1" 200 247 "http://localhost:8002/" "Mozilla/5.0 (Windows NT 10.0; Win64; x64) AppleWebKit/537.36 (KHTML, like Gecko) Chrome/97.0.4692.71 Safari/537.36"
::1 - - [Tue, 11 Jan 2022 21:43:22 GMT] "GET / HTTP/1.1" 200 3935 "http://localhost:8002/users/sign-in" "Mozilla/5.0 (Windows NT 10.0; Win64; x64) AppleWebKit/537.36 (KHTML, like Gecko) Chrome/97.0.4692.71 Safari/537.36"
::1 - - [Tue, 11 Jan 2022 21:43:28 GMT] "POST /comments/create HTTP/1.1" 302 46 "http://localhost:8002/" "Mozilla/5.0 (Windows NT 10.0; Win64; x64) AppleWebKit/537.36 (KHTML, like Gecko) Chrome/97.0.4692.71 Safari/537.36"
::1 - - [Tue, 11 Jan 2022 21:43:28 GMT] "GET / HTTP/1.1" 200 4581 "http://localhost:8002/" "Mozilla/5.0 (Windows NT 10.0; Win64; x64) AppleWebKit/537.36 (KHTML, like Gecko) Chrome/97.0.4692.71 Safari/537.36"
::1 - - [Tue, 11 Jan 2022 21:43:30 GMT] "GET /users/profile/61ddf9e48fa52c0c94166b53 HTTP/1.1" 200 2066 "http://localhost:8002/" "Mozilla/5.0 (Windows NT 10.0; Win64; x64) AppleWebKit/537.36 (KHTML, like Gecko) Chrome/97.0.4692.71 Safari/537.36"
::1 - - [Tue, 11 Jan 2022 21:43:30 GMT] "GET /users/profile/css/layout.css HTTP/1.1" 404 167 "http://localhost:8002/users/profile/61ddf9e48fa52c0c94166b53" "Mozilla/5.0 (Windows NT 10.0; Win64; x64) AppleWebKit/537.36 (KHTML, like Gecko) Chrome/97.0.4692.71 Safari/537.36"
::1 - - [Tue, 11 Jan 2022 21:43:53 GMT] "GET / HTTP/1.1" 200 39711 "http://localhost:8002/" "Mozilla/5.0 (Windows NT 10.0; Win64; x64) AppleWebKit/537.36 (KHTML, like Gecko) Chrome/97.0.4692.71 Safari/537.36"
::1 - - [Tue, 11 Jan 2022 21:43:55 GMT] "GET / HTTP/1.1" 304 - "http://localhost:8002/" "Mozilla/5.0 (Windows NT 10.0; Win64; x64) AppleWebKit/537.36 (KHTML, like Gecko) Chrome/97.0.4692.71 Safari/537.36"
::1 - - [Tue, 11 Jan 2022 21:43:55 GMT] "GET / HTTP/1.1" 304 - "http://localhost:8002/" "Mozilla/5.0 (Windows NT 10.0; Win64; x64) AppleWebKit/537.36 (KHTML, like Gecko) Chrome/97.0.4692.71 Safari/537.36"
::1 - - [Tue, 11 Jan 2022 21:43:56 GMT] "GET / HTTP/1.1" 304 - "http://localhost:8002/" "Mozilla/5.0 (Windows NT 10.0; Win64; x64) AppleWebKit/537.36 (KHTML, like Gecko) Chrome/97.0.4692.71 Safari/537.36"
::1 - - [Tue, 11 Jan 2022 21:43:57 GMT] "GET /users/sign-in HTTP/1.1" 304 - "http://localhost:8002/" "Mozilla/5.0 (Windows NT 10.0; Win64; x64) AppleWebKit/537.36 (KHTML, like Gecko) Chrome/97.0.4692.71 Safari/537.36"
::1 - - [Tue, 11 Jan 2022 21:43:57 GMT] "GET /users/css/layout.css HTTP/1.1" 404 159 "http://localhost:8002/users/sign-in" "Mozilla/5.0 (Windows NT 10.0; Win64; x64) AppleWebKit/537.36 (KHTML, like Gecko) Chrome/97.0.4692.71 Safari/537.36"
::1 - - [Tue, 11 Jan 2022 21:44:28 GMT] "GET / HTTP/1.1" 304 - "http://localhost:8002/users/sign-in" "Mozilla/5.0 (Windows NT 10.0; Win64; x64) AppleWebKit/537.36 (KHTML, like Gecko) Chrome/97.0.4692.71 Safari/537.36"
::1 - - [Wed, 12 Jan 2022 06:26:36 GMT] "GET / HTTP/1.1" 304 - "-" "Mozilla/5.0 (Windows NT 10.0; Win64; x64) AppleWebKit/537.36 (KHTML, like Gecko) Chrome/97.0.4692.71 Safari/537.36"
::1 - - [Wed, 12 Jan 2022 06:26:38 GMT] "GET /favicon.ico HTTP/1.1" 404 150 "http://localhost:8002/" "Mozilla/5.0 (Windows NT 10.0; Win64; x64) AppleWebKit/537.36 (KHTML, like Gecko) Chrome/97.0.4692.71 Safari/537.36"
::1 - - [Wed, 12 Jan 2022 06:29:57 GMT] "GET / HTTP/1.1" 200 39709 "-" "Mozilla/5.0 (Windows NT 10.0; Win64; x64) AppleWebKit/537.36 (KHTML, like Gecko) Chrome/97.0.4692.71 Safari/537.36"
::1 - - [Wed, 12 Jan 2022 06:29:58 GMT] "GET / HTTP/1.1" 304 - "-" "Mozilla/5.0 (Windows NT 10.0; Win64; x64) AppleWebKit/537.36 (KHTML, like Gecko) Chrome/97.0.4692.71 Safari/537.36"
::1 - - [Wed, 12 Jan 2022 06:29:59 GMT] "GET / HTTP/1.1" 304 - "-" "Mozilla/5.0 (Windows NT 10.0; Win64; x64) AppleWebKit/537.36 (KHTML, like Gecko) Chrome/97.0.4692.71 Safari/537.36"
::1 - - [Wed, 12 Jan 2022 06:29:59 GMT] "GET / HTTP/1.1" 304 - "-" "Mozilla/5.0 (Windows NT 10.0; Win64; x64) AppleWebKit/537.36 (KHTML, like Gecko) Chrome/97.0.4692.71 Safari/537.36"
::1 - - [Wed, 12 Jan 2022 06:30:00 GMT] "GET /users/sign-in HTTP/1.1" 200 1822 "http://localhost:8002/" "Mozilla/5.0 (Windows NT 10.0; Win64; x64) AppleWebKit/537.36 (KHTML, like Gecko) Chrome/97.0.4692.71 Safari/537.36"
::1 - - [Wed, 12 Jan 2022 06:30:00 GMT] "GET /users/css/header.css HTTP/1.1" 404 159 "http://localhost:8002/users/sign-in" "Mozilla/5.0 (Windows NT 10.0; Win64; x64) AppleWebKit/537.36 (KHTML, like Gecko) Chrome/97.0.4692.71 Safari/537.36"
::1 - - [Wed, 12 Jan 2022 06:30:00 GMT] "GET /users/css/footer.css HTTP/1.1" 404 159 "http://localhost:8002/users/sign-in" "Mozilla/5.0 (Windows NT 10.0; Win64; x64) AppleWebKit/537.36 (KHTML, like Gecko) Chrome/97.0.4692.71 Safari/537.36"
::1 - - [Wed, 12 Jan 2022 06:30:00 GMT] "GET /users/css/layout.css HTTP/1.1" 404 159 "http://localhost:8002/users/sign-in" "Mozilla/5.0 (Windows NT 10.0; Win64; x64) AppleWebKit/537.36 (KHTML, like Gecko) Chrome/97.0.4692.71 Safari/537.36"
::1 - - [Wed, 12 Jan 2022 06:30:04 GMT] "POST /users/create-session HTTP/1.1" 302 46 "http://localhost:8002/users/sign-in" "Mozilla/5.0 (Windows NT 10.0; Win64; x64) AppleWebKit/537.36 (KHTML, like Gecko) Chrome/97.0.4692.71 Safari/537.36"
::1 - - [Wed, 12 Jan 2022 06:30:04 GMT] "GET / HTTP/1.1" 200 66939 "http://localhost:8002/users/sign-in" "Mozilla/5.0 (Windows NT 10.0; Win64; x64) AppleWebKit/537.36 (KHTML, like Gecko) Chrome/97.0.4692.71 Safari/537.36"
::1 - - [Wed, 12 Jan 2022 06:30:09 GMT] "GET /users/css/header.css HTTP/1.1" 404 159 "http://localhost:8002/users/sign-in" "Mozilla/5.0 (Windows NT 10.0; Win64; x64) AppleWebKit/537.36 (KHTML, like Gecko) Chrome/97.0.4692.71 Safari/537.36"
::1 - - [Wed, 12 Jan 2022 06:30:09 GMT] "GET /users/css/footer.css HTTP/1.1" 404 159 "http://localhost:8002/users/sign-in" "Mozilla/5.0 (Windows NT 10.0; Win64; x64) AppleWebKit/537.36 (KHTML, like Gecko) Chrome/97.0.4692.71 Safari/537.36"
::1 - - [Wed, 12 Jan 2022 06:31:14 GMT] "GET / HTTP/1.1" 200 66671 "http://localhost:8002/" "Mozilla/5.0 (Windows NT 10.0; Win64; x64) AppleWebKit/537.36 (KHTML, like Gecko) Chrome/97.0.4692.71 Safari/537.36"
::1 - - [Wed, 12 Jan 2022 06:31:15 GMT] "GET / HTTP/1.1" 304 - "http://localhost:8002/" "Mozilla/5.0 (Windows NT 10.0; Win64; x64) AppleWebKit/537.36 (KHTML, like Gecko) Chrome/97.0.4692.71 Safari/537.36"
::1 - - [Wed, 12 Jan 2022 06:31:16 GMT] "GET / HTTP/1.1" 304 - "http://localhost:8002/" "Mozilla/5.0 (Windows NT 10.0; Win64; x64) AppleWebKit/537.36 (KHTML, like Gecko) Chrome/97.0.4692.71 Safari/537.36"
::1 - - [Wed, 12 Jan 2022 06:32:27 GMT] "GET / HTTP/1.1" 200 66669 "http://localhost:8002/" "Mozilla/5.0 (Windows NT 10.0; Win64; x64) AppleWebKit/537.36 (KHTML, like Gecko) Chrome/97.0.4692.71 Safari/537.36"
::1 - - [Wed, 12 Jan 2022 06:32:28 GMT] "GET / HTTP/1.1" 304 - "http://localhost:8002/" "Mozilla/5.0 (Windows NT 10.0; Win64; x64) AppleWebKit/537.36 (KHTML, like Gecko) Chrome/97.0.4692.71 Safari/537.36"
::1 - - [Wed, 12 Jan 2022 06:32:29 GMT] "GET / HTTP/1.1" 304 - "http://localhost:8002/" "Mozilla/5.0 (Windows NT 10.0; Win64; x64) AppleWebKit/537.36 (KHTML, like Gecko) Chrome/97.0.4692.71 Safari/537.36"
::1 - - [Wed, 12 Jan 2022 06:32:30 GMT] "GET /users/sign-out HTTP/1.1" 302 46 "http://localhost:8002/" "Mozilla/5.0 (Windows NT 10.0; Win64; x64) AppleWebKit/537.36 (KHTML, like Gecko) Chrome/97.0.4692.71 Safari/537.36"
::1 - - [Wed, 12 Jan 2022 06:32:30 GMT] "GET / HTTP/1.1" 200 39960 "http://localhost:8002/" "Mozilla/5.0 (Windows NT 10.0; Win64; x64) AppleWebKit/537.36 (KHTML, like Gecko) Chrome/97.0.4692.71 Safari/537.36"
::1 - - [Wed, 12 Jan 2022 06:32:32 GMT] "GET /users/sign-in HTTP/1.1" 304 - "http://localhost:8002/" "Mozilla/5.0 (Windows NT 10.0; Win64; x64) AppleWebKit/537.36 (KHTML, like Gecko) Chrome/97.0.4692.71 Safari/537.36"
::1 - - [Wed, 12 Jan 2022 06:32:32 GMT] "GET /users/css/layout.css HTTP/1.1" 404 159 "http://localhost:8002/users/sign-in" "Mozilla/5.0 (Windows NT 10.0; Win64; x64) AppleWebKit/537.36 (KHTML, like Gecko) Chrome/97.0.4692.71 Safari/537.36"
::1 - - [Wed, 12 Jan 2022 06:32:32 GMT] "GET /users/css/header.css HTTP/1.1" 404 159 "http://localhost:8002/users/sign-in" "Mozilla/5.0 (Windows NT 10.0; Win64; x64) AppleWebKit/537.36 (KHTML, like Gecko) Chrome/97.0.4692.71 Safari/537.36"
::1 - - [Wed, 12 Jan 2022 06:32:32 GMT] "GET /users/css/footer.css HTTP/1.1" 404 159 "http://localhost:8002/users/sign-in" "Mozilla/5.0 (Windows NT 10.0; Win64; x64) AppleWebKit/537.36 (KHTML, like Gecko) Chrome/97.0.4692.71 Safari/537.36"
::1 - - [Wed, 12 Jan 2022 06:32:34 GMT] "POST /users/create-session HTTP/1.1" 302 46 "http://localhost:8002/users/sign-in" "Mozilla/5.0 (Windows NT 10.0; Win64; x64) AppleWebKit/537.36 (KHTML, like Gecko) Chrome/97.0.4692.71 Safari/537.36"
::1 - - [Wed, 12 Jan 2022 06:32:34 GMT] "GET / HTTP/1.1" 200 66937 "http://localhost:8002/users/sign-in" "Mozilla/5.0 (Windows NT 10.0; Win64; x64) AppleWebKit/537.36 (KHTML, like Gecko) Chrome/97.0.4692.71 Safari/537.36"
::1 - - [Wed, 12 Jan 2022 06:34:37 GMT] "GET /users/sign-out HTTP/1.1" 302 46 "http://localhost:8002/" "Mozilla/5.0 (Windows NT 10.0; Win64; x64) AppleWebKit/537.36 (KHTML, like Gecko) Chrome/97.0.4692.71 Safari/537.36"
::1 - - [Wed, 12 Jan 2022 06:34:38 GMT] "GET / HTTP/1.1" 200 39960 "http://localhost:8002/" "Mozilla/5.0 (Windows NT 10.0; Win64; x64) AppleWebKit/537.36 (KHTML, like Gecko) Chrome/97.0.4692.71 Safari/537.36"
::1 - - [Wed, 12 Jan 2022 06:34:39 GMT] "GET /users/sign-up HTTP/1.1" 200 1983 "http://localhost:8002/" "Mozilla/5.0 (Windows NT 10.0; Win64; x64) AppleWebKit/537.36 (KHTML, like Gecko) Chrome/97.0.4692.71 Safari/537.36"
::1 - - [Wed, 12 Jan 2022 06:34:40 GMT] "GET /users/css/layout.css HTTP/1.1" 404 159 "http://localhost:8002/users/sign-up" "Mozilla/5.0 (Windows NT 10.0; Win64; x64) AppleWebKit/537.36 (KHTML, like Gecko) Chrome/97.0.4692.71 Safari/537.36"
::1 - - [Wed, 12 Jan 2022 06:34:40 GMT] "GET /users/css/header.css HTTP/1.1" 404 159 "http://localhost:8002/users/sign-up" "Mozilla/5.0 (Windows NT 10.0; Win64; x64) AppleWebKit/537.36 (KHTML, like Gecko) Chrome/97.0.4692.71 Safari/537.36"
::1 - - [Wed, 12 Jan 2022 06:34:40 GMT] "GET /users/css/footer.css HTTP/1.1" 404 159 "http://localhost:8002/users/sign-up" "Mozilla/5.0 (Windows NT 10.0; Win64; x64) AppleWebKit/537.36 (KHTML, like Gecko) Chrome/97.0.4692.71 Safari/537.36"
::1 - - [Wed, 12 Jan 2022 06:38:00 GMT] "GET /users/sign-up HTTP/1.1" 200 1993 "http://localhost:8002/" "Mozilla/5.0 (Windows NT 10.0; Win64; x64) AppleWebKit/537.36 (KHTML, like Gecko) Chrome/97.0.4692.71 Safari/537.36"
::1 - - [Wed, 12 Jan 2022 06:38:01 GMT] "GET /users/css/layout.css HTTP/1.1" 404 159 "http://localhost:8002/users/sign-up" "Mozilla/5.0 (Windows NT 10.0; Win64; x64) AppleWebKit/537.36 (KHTML, like Gecko) Chrome/97.0.4692.71 Safari/537.36"
::1 - - [Wed, 12 Jan 2022 06:38:01 GMT] "GET /users/css/header.css HTTP/1.1" 404 159 "http://localhost:8002/users/sign-up" "Mozilla/5.0 (Windows NT 10.0; Win64; x64) AppleWebKit/537.36 (KHTML, like Gecko) Chrome/97.0.4692.71 Safari/537.36"
::1 - - [Wed, 12 Jan 2022 06:38:01 GMT] "GET /users/css/footer.css HTTP/1.1" 404 159 "http://localhost:8002/users/sign-up" "Mozilla/5.0 (Windows NT 10.0; Win64; x64) AppleWebKit/537.36 (KHTML, like Gecko) Chrome/97.0.4692.71 Safari/537.36"
::1 - - [Wed, 12 Jan 2022 06:38:01 GMT] "GET /users/sign-up HTTP/1.1" 304 - "http://localhost:8002/" "Mozilla/5.0 (Windows NT 10.0; Win64; x64) AppleWebKit/537.36 (KHTML, like Gecko) Chrome/97.0.4692.71 Safari/537.36"
::1 - - [Wed, 12 Jan 2022 06:38:01 GMT] "GET /users/css/layout.css HTTP/1.1" 404 159 "http://localhost:8002/users/sign-up" "Mozilla/5.0 (Windows NT 10.0; Win64; x64) AppleWebKit/537.36 (KHTML, like Gecko) Chrome/97.0.4692.71 Safari/537.36"
::1 - - [Wed, 12 Jan 2022 06:38:01 GMT] "GET /users/css/header.css HTTP/1.1" 404 159 "http://localhost:8002/users/sign-up" "Mozilla/5.0 (Windows NT 10.0; Win64; x64) AppleWebKit/537.36 (KHTML, like Gecko) Chrome/97.0.4692.71 Safari/537.36"
::1 - - [Wed, 12 Jan 2022 06:38:01 GMT] "GET /users/css/footer.css HTTP/1.1" 404 159 "http://localhost:8002/users/sign-up" "Mozilla/5.0 (Windows NT 10.0; Win64; x64) AppleWebKit/537.36 (KHTML, like Gecko) Chrome/97.0.4692.71 Safari/537.36"
::1 - - [Wed, 12 Jan 2022 06:38:02 GMT] "GET /users/sign-up HTTP/1.1" 304 - "http://localhost:8002/" "Mozilla/5.0 (Windows NT 10.0; Win64; x64) AppleWebKit/537.36 (KHTML, like Gecko) Chrome/97.0.4692.71 Safari/537.36"
::1 - - [Wed, 12 Jan 2022 06:38:02 GMT] "GET /users/css/layout.css HTTP/1.1" 404 159 "http://localhost:8002/users/sign-up" "Mozilla/5.0 (Windows NT 10.0; Win64; x64) AppleWebKit/537.36 (KHTML, like Gecko) Chrome/97.0.4692.71 Safari/537.36"
::1 - - [Wed, 12 Jan 2022 06:38:02 GMT] "GET /users/css/header.css HTTP/1.1" 404 159 "http://localhost:8002/users/sign-up" "Mozilla/5.0 (Windows NT 10.0; Win64; x64) AppleWebKit/537.36 (KHTML, like Gecko) Chrome/97.0.4692.71 Safari/537.36"
::1 - - [Wed, 12 Jan 2022 06:38:02 GMT] "GET /users/css/footer.css HTTP/1.1" 404 159 "http://localhost:8002/users/sign-up" "Mozilla/5.0 (Windows NT 10.0; Win64; x64) AppleWebKit/537.36 (KHTML, like Gecko) Chrome/97.0.4692.71 Safari/537.36"
::1 - - [Wed, 12 Jan 2022 06:38:02 GMT] "GET /users/sign-up HTTP/1.1" 304 - "http://localhost:8002/" "Mozilla/5.0 (Windows NT 10.0; Win64; x64) AppleWebKit/537.36 (KHTML, like Gecko) Chrome/97.0.4692.71 Safari/537.36"
::1 - - [Wed, 12 Jan 2022 06:38:02 GMT] "GET /users/css/layout.css HTTP/1.1" 404 159 "http://localhost:8002/users/sign-up" "Mozilla/5.0 (Windows NT 10.0; Win64; x64) AppleWebKit/537.36 (KHTML, like Gecko) Chrome/97.0.4692.71 Safari/537.36"
::1 - - [Wed, 12 Jan 2022 06:38:02 GMT] "GET /users/css/header.css HTTP/1.1" 404 159 "http://localhost:8002/users/sign-up" "Mozilla/5.0 (Windows NT 10.0; Win64; x64) AppleWebKit/537.36 (KHTML, like Gecko) Chrome/97.0.4692.71 Safari/537.36"
::1 - - [Wed, 12 Jan 2022 06:38:02 GMT] "GET /users/css/footer.css HTTP/1.1" 404 159 "http://localhost:8002/users/sign-up" "Mozilla/5.0 (Windows NT 10.0; Win64; x64) AppleWebKit/537.36 (KHTML, like Gecko) Chrome/97.0.4692.71 Safari/537.36"
::1 - - [Wed, 12 Jan 2022 06:38:02 GMT] "GET /users/sign-up HTTP/1.1" 304 - "http://localhost:8002/" "Mozilla/5.0 (Windows NT 10.0; Win64; x64) AppleWebKit/537.36 (KHTML, like Gecko) Chrome/97.0.4692.71 Safari/537.36"
::1 - - [Wed, 12 Jan 2022 06:38:02 GMT] "GET /users/css/layout.css HTTP/1.1" 404 159 "http://localhost:8002/users/sign-up" "Mozilla/5.0 (Windows NT 10.0; Win64; x64) AppleWebKit/537.36 (KHTML, like Gecko) Chrome/97.0.4692.71 Safari/537.36"
::1 - - [Wed, 12 Jan 2022 06:38:02 GMT] "GET /users/css/header.css HTTP/1.1" 404 159 "http://localhost:8002/users/sign-up" "Mozilla/5.0 (Windows NT 10.0; Win64; x64) AppleWebKit/537.36 (KHTML, like Gecko) Chrome/97.0.4692.71 Safari/537.36"
::1 - - [Wed, 12 Jan 2022 06:38:02 GMT] "GET /users/css/footer.css HTTP/1.1" 404 159 "http://localhost:8002/users/sign-up" "Mozilla/5.0 (Windows NT 10.0; Win64; x64) AppleWebKit/537.36 (KHTML, like Gecko) Chrome/97.0.4692.71 Safari/537.36"
::1 - - [Wed, 12 Jan 2022 06:42:29 GMT] "GET /users/sign-up HTTP/1.1" 304 - "http://localhost:8002/" "Mozilla/5.0 (Windows NT 10.0; Win64; x64) AppleWebKit/537.36 (KHTML, like Gecko) Chrome/97.0.4692.71 Safari/537.36"
::1 - - [Wed, 12 Jan 2022 06:42:29 GMT] "GET /users/css/layout.css HTTP/1.1" 404 159 "http://localhost:8002/users/sign-up" "Mozilla/5.0 (Windows NT 10.0; Win64; x64) AppleWebKit/537.36 (KHTML, like Gecko) Chrome/97.0.4692.71 Safari/537.36"
::1 - - [Wed, 12 Jan 2022 06:42:29 GMT] "GET /users/css/header.css HTTP/1.1" 404 159 "http://localhost:8002/users/sign-up" "Mozilla/5.0 (Windows NT 10.0; Win64; x64) AppleWebKit/537.36 (KHTML, like Gecko) Chrome/97.0.4692.71 Safari/537.36"
::1 - - [Wed, 12 Jan 2022 06:42:29 GMT] "GET /users/css/footer.css HTTP/1.1" 404 159 "http://localhost:8002/users/sign-up" "Mozilla/5.0 (Windows NT 10.0; Win64; x64) AppleWebKit/537.36 (KHTML, like Gecko) Chrome/97.0.4692.71 Safari/537.36"
::1 - - [Wed, 12 Jan 2022 06:42:33 GMT] "GET / HTTP/1.1" 200 39717 "http://localhost:8002/users/sign-up" "Mozilla/5.0 (Windows NT 10.0; Win64; x64) AppleWebKit/537.36 (KHTML, like Gecko) Chrome/97.0.4692.71 Safari/537.36"
::1 - - [Wed, 12 Jan 2022 06:44:29 GMT] "GET / HTTP/1.1" 304 - "http://localhost:8002/users/sign-up" "Mozilla/5.0 (Windows NT 10.0; Win64; x64) AppleWebKit/537.36 (KHTML, like Gecko) Chrome/97.0.4692.71 Safari/537.36"
::1 - - [Wed, 12 Jan 2022 06:44:30 GMT] "GET / HTTP/1.1" 304 - "http://localhost:8002/users/sign-up" "Mozilla/5.0 (Windows NT 10.0; Win64; x64) AppleWebKit/537.36 (KHTML, like Gecko) Chrome/97.0.4692.71 Safari/537.36"
::1 - - [Wed, 12 Jan 2022 06:45:54 GMT] "GET / HTTP/1.1" 304 - "http://localhost:8002/users/sign-up" "Mozilla/5.0 (Windows NT 10.0; Win64; x64) AppleWebKit/537.36 (KHTML, like Gecko) Chrome/97.0.4692.71 Safari/537.36"
::1 - - [Wed, 12 Jan 2022 06:46:00 GMT] "GET /users/sign-in HTTP/1.1" 200 1832 "http://localhost:8002/" "Mozilla/5.0 (Windows NT 10.0; Win64; x64) AppleWebKit/537.36 (KHTML, like Gecko) Chrome/97.0.4692.71 Safari/537.36"
::1 - - [Wed, 12 Jan 2022 06:46:00 GMT] "GET /users/css/layout.css HTTP/1.1" 404 159 "http://localhost:8002/users/sign-in" "Mozilla/5.0 (Windows NT 10.0; Win64; x64) AppleWebKit/537.36 (KHTML, like Gecko) Chrome/97.0.4692.71 Safari/537.36"
::1 - - [Wed, 12 Jan 2022 06:46:00 GMT] "GET /users/css/header.css HTTP/1.1" 404 159 "http://localhost:8002/users/sign-in" "Mozilla/5.0 (Windows NT 10.0; Win64; x64) AppleWebKit/537.36 (KHTML, like Gecko) Chrome/97.0.4692.71 Safari/537.36"
::1 - - [Wed, 12 Jan 2022 06:46:00 GMT] "GET /users/css/footer.css HTTP/1.1" 404 159 "http://localhost:8002/users/sign-in" "Mozilla/5.0 (Windows NT 10.0; Win64; x64) AppleWebKit/537.36 (KHTML, like Gecko) Chrome/97.0.4692.71 Safari/537.36"
::1 - - [Wed, 12 Jan 2022 06:46:06 GMT] "GET /users/sign-up HTTP/1.1" 304 - "http://localhost:8002/" "Mozilla/5.0 (Windows NT 10.0; Win64; x64) AppleWebKit/537.36 (KHTML, like Gecko) Chrome/97.0.4692.71 Safari/537.36"
::1 - - [Wed, 12 Jan 2022 06:46:06 GMT] "GET /users/css/layout.css HTTP/1.1" 404 159 "http://localhost:8002/users/sign-up" "Mozilla/5.0 (Windows NT 10.0; Win64; x64) AppleWebKit/537.36 (KHTML, like Gecko) Chrome/97.0.4692.71 Safari/537.36"
::1 - - [Wed, 12 Jan 2022 06:46:06 GMT] "GET /users/css/footer.css HTTP/1.1" 404 159 "http://localhost:8002/users/sign-up" "Mozilla/5.0 (Windows NT 10.0; Win64; x64) AppleWebKit/537.36 (KHTML, like Gecko) Chrome/97.0.4692.71 Safari/537.36"
::1 - - [Wed, 12 Jan 2022 06:46:06 GMT] "GET /users/css/header.css HTTP/1.1" 404 159 "http://localhost:8002/users/sign-up" "Mozilla/5.0 (Windows NT 10.0; Win64; x64) AppleWebKit/537.36 (KHTML, like Gecko) Chrome/97.0.4692.71 Safari/537.36"
::1 - - [Wed, 12 Jan 2022 06:48:44 GMT] "GET /users/sign-in HTTP/1.1" 304 - "http://localhost:8002/users/sign-up" "Mozilla/5.0 (Windows NT 10.0; Win64; x64) AppleWebKit/537.36 (KHTML, like Gecko) Chrome/97.0.4692.71 Safari/537.36"
::1 - - [Wed, 12 Jan 2022 06:48:44 GMT] "GET /users/css/layout.css HTTP/1.1" 404 159 "http://localhost:8002/users/sign-in" "Mozilla/5.0 (Windows NT 10.0; Win64; x64) AppleWebKit/537.36 (KHTML, like Gecko) Chrome/97.0.4692.71 Safari/537.36"
::1 - - [Wed, 12 Jan 2022 06:48:44 GMT] "GET /users/css/header.css HTTP/1.1" 404 159 "http://localhost:8002/users/sign-in" "Mozilla/5.0 (Windows NT 10.0; Win64; x64) AppleWebKit/537.36 (KHTML, like Gecko) Chrome/97.0.4692.71 Safari/537.36"
::1 - - [Wed, 12 Jan 2022 06:48:44 GMT] "GET /users/css/footer.css HTTP/1.1" 404 159 "http://localhost:8002/users/sign-in" "Mozilla/5.0 (Windows NT 10.0; Win64; x64) AppleWebKit/537.36 (KHTML, like Gecko) Chrome/97.0.4692.71 Safari/537.36"
::1 - - [Wed, 12 Jan 2022 06:48:46 GMT] "POST /users/create-session HTTP/1.1" 302 46 "http://localhost:8002/users/sign-in" "Mozilla/5.0 (Windows NT 10.0; Win64; x64) AppleWebKit/537.36 (KHTML, like Gecko) Chrome/97.0.4692.71 Safari/537.36"
::1 - - [Wed, 12 Jan 2022 06:48:46 GMT] "GET / HTTP/1.1" 200 66947 "http://localhost:8002/users/sign-in" "Mozilla/5.0 (Windows NT 10.0; Win64; x64) AppleWebKit/537.36 (KHTML, like Gecko) Chrome/97.0.4692.71 Safari/537.36"
::1 - - [Wed, 12 Jan 2022 06:48:48 GMT] "GET /users/profile/61d95b710ed985085c9a8147 HTTP/1.1" 200 2074 "http://localhost:8002/" "Mozilla/5.0 (Windows NT 10.0; Win64; x64) AppleWebKit/537.36 (KHTML, like Gecko) Chrome/97.0.4692.71 Safari/537.36"
::1 - - [Wed, 12 Jan 2022 06:48:48 GMT] "GET /users/profile/css/header.css HTTP/1.1" 404 167 "http://localhost:8002/users/profile/61d95b710ed985085c9a8147" "Mozilla/5.0 (Windows NT 10.0; Win64; x64) AppleWebKit/537.36 (KHTML, like Gecko) Chrome/97.0.4692.71 Safari/537.36"
::1 - - [Wed, 12 Jan 2022 06:48:48 GMT] "GET /users/profile/css/footer.css HTTP/1.1" 404 167 "http://localhost:8002/users/profile/61d95b710ed985085c9a8147" "Mozilla/5.0 (Windows NT 10.0; Win64; x64) AppleWebKit/537.36 (KHTML, like Gecko) Chrome/97.0.4692.71 Safari/537.36"
::1 - - [Wed, 12 Jan 2022 06:48:48 GMT] "GET /users/profile/css/layout.css HTTP/1.1" 404 167 "http://localhost:8002/users/profile/61d95b710ed985085c9a8147" "Mozilla/5.0 (Windows NT 10.0; Win64; x64) AppleWebKit/537.36 (KHTML, like Gecko) Chrome/97.0.4692.71 Safari/537.36"
::1 - - [Wed, 12 Jan 2022 06:50:30 GMT] "GET / HTTP/1.1" 200 66679 "http://localhost:8002/users/sign-in" "Mozilla/5.0 (Windows NT 10.0; Win64; x64) AppleWebKit/537.36 (KHTML, like Gecko) Chrome/97.0.4692.71 Safari/537.36"
::1 - - [Wed, 12 Jan 2022 06:50:32 GMT] "GET /users/profile/61d95b710ed985085c9a8147 HTTP/1.1" 200 2077 "http://localhost:8002/" "Mozilla/5.0 (Windows NT 10.0; Win64; x64) AppleWebKit/537.36 (KHTML, like Gecko) Chrome/97.0.4692.71 Safari/537.36"
::1 - - [Wed, 12 Jan 2022 06:50:32 GMT] "GET /users/profile/css/layout.css HTTP/1.1" 404 167 "http://localhost:8002/users/profile/61d95b710ed985085c9a8147" "Mozilla/5.0 (Windows NT 10.0; Win64; x64) AppleWebKit/537.36 (KHTML, like Gecko) Chrome/97.0.4692.71 Safari/537.36"
::1 - - [Wed, 12 Jan 2022 06:50:32 GMT] "GET /users/profile/css/header.css HTTP/1.1" 404 167 "http://localhost:8002/users/profile/61d95b710ed985085c9a8147" "Mozilla/5.0 (Windows NT 10.0; Win64; x64) AppleWebKit/537.36 (KHTML, like Gecko) Chrome/97.0.4692.71 Safari/537.36"
::1 - - [Wed, 12 Jan 2022 06:50:32 GMT] "GET /users/profile/css/user_profile.css HTTP/1.1" 404 173 "http://localhost:8002/users/profile/61d95b710ed985085c9a8147" "Mozilla/5.0 (Windows NT 10.0; Win64; x64) AppleWebKit/537.36 (KHTML, like Gecko) Chrome/97.0.4692.71 Safari/537.36"
::1 - - [Wed, 12 Jan 2022 06:50:32 GMT] "GET /users/profile/css/footer.css HTTP/1.1" 404 167 "http://localhost:8002/users/profile/61d95b710ed985085c9a8147" "Mozilla/5.0 (Windows NT 10.0; Win64; x64) AppleWebKit/537.36 (KHTML, like Gecko) Chrome/97.0.4692.71 Safari/537.36"
::1 - - [Wed, 12 Jan 2022 06:51:37 GMT] "GET /users/profile/61d95b710ed985085c9a8147 HTTP/1.1" 302 72 "http://localhost:8002/" "Mozilla/5.0 (Windows NT 10.0; Win64; x64) AppleWebKit/537.36 (KHTML, like Gecko) Chrome/97.0.4692.71 Safari/537.36"
::1 - - [Wed, 12 Jan 2022 06:51:37 GMT] "GET /users/sign-in HTTP/1.1" 304 - "http://localhost:8002/" "Mozilla/5.0 (Windows NT 10.0; Win64; x64) AppleWebKit/537.36 (KHTML, like Gecko) Chrome/97.0.4692.71 Safari/537.36"
::1 - - [Wed, 12 Jan 2022 06:51:37 GMT] "GET /users/css/layout.css HTTP/1.1" 404 159 "http://localhost:8002/users/sign-in" "Mozilla/5.0 (Windows NT 10.0; Win64; x64) AppleWebKit/537.36 (KHTML, like Gecko) Chrome/97.0.4692.71 Safari/537.36"
::1 - - [Wed, 12 Jan 2022 06:51:37 GMT] "GET /users/css/header.css HTTP/1.1" 404 159 "http://localhost:8002/users/sign-in" "Mozilla/5.0 (Windows NT 10.0; Win64; x64) AppleWebKit/537.36 (KHTML, like Gecko) Chrome/97.0.4692.71 Safari/537.36"
::1 - - [Wed, 12 Jan 2022 06:51:37 GMT] "GET /users/css/footer.css HTTP/1.1" 404 159 "http://localhost:8002/users/sign-in" "Mozilla/5.0 (Windows NT 10.0; Win64; x64) AppleWebKit/537.36 (KHTML, like Gecko) Chrome/97.0.4692.71 Safari/537.36"
::1 - - [Wed, 12 Jan 2022 06:51:38 GMT] "GET /users/sign-in HTTP/1.1" 304 - "http://localhost:8002/" "Mozilla/5.0 (Windows NT 10.0; Win64; x64) AppleWebKit/537.36 (KHTML, like Gecko) Chrome/97.0.4692.71 Safari/537.36"
::1 - - [Wed, 12 Jan 2022 06:51:38 GMT] "GET /users/css/layout.css HTTP/1.1" 404 159 "http://localhost:8002/users/sign-in" "Mozilla/5.0 (Windows NT 10.0; Win64; x64) AppleWebKit/537.36 (KHTML, like Gecko) Chrome/97.0.4692.71 Safari/537.36"
::1 - - [Wed, 12 Jan 2022 06:51:38 GMT] "GET /users/css/header.css HTTP/1.1" 404 159 "http://localhost:8002/users/sign-in" "Mozilla/5.0 (Windows NT 10.0; Win64; x64) AppleWebKit/537.36 (KHTML, like Gecko) Chrome/97.0.4692.71 Safari/537.36"
::1 - - [Wed, 12 Jan 2022 06:51:38 GMT] "GET /users/css/footer.css HTTP/1.1" 404 159 "http://localhost:8002/users/sign-in" "Mozilla/5.0 (Windows NT 10.0; Win64; x64) AppleWebKit/537.36 (KHTML, like Gecko) Chrome/97.0.4692.71 Safari/537.36"
::1 - - [Wed, 12 Jan 2022 06:51:39 GMT] "POST /users/create-session HTTP/1.1" 302 46 "http://localhost:8002/users/sign-in" "Mozilla/5.0 (Windows NT 10.0; Win64; x64) AppleWebKit/537.36 (KHTML, like Gecko) Chrome/97.0.4692.71 Safari/537.36"
::1 - - [Wed, 12 Jan 2022 06:51:40 GMT] "GET / HTTP/1.1" 200 66947 "http://localhost:8002/users/sign-in" "Mozilla/5.0 (Windows NT 10.0; Win64; x64) AppleWebKit/537.36 (KHTML, like Gecko) Chrome/97.0.4692.71 Safari/537.36"
::1 - - [Wed, 12 Jan 2022 06:51:42 GMT] "GET /users/profile/61d95b710ed985085c9a8147 HTTP/1.1" 200 2077 "http://localhost:8002/" "Mozilla/5.0 (Windows NT 10.0; Win64; x64) AppleWebKit/537.36 (KHTML, like Gecko) Chrome/97.0.4692.71 Safari/537.36"
::1 - - [Wed, 12 Jan 2022 06:51:42 GMT] "GET /users/profile/css/layout.css HTTP/1.1" 404 167 "http://localhost:8002/users/profile/61d95b710ed985085c9a8147" "Mozilla/5.0 (Windows NT 10.0; Win64; x64) AppleWebKit/537.36 (KHTML, like Gecko) Chrome/97.0.4692.71 Safari/537.36"
::1 - - [Wed, 12 Jan 2022 06:51:42 GMT] "GET /users/profile/css/header.css HTTP/1.1" 404 167 "http://localhost:8002/users/profile/61d95b710ed985085c9a8147" "Mozilla/5.0 (Windows NT 10.0; Win64; x64) AppleWebKit/537.36 (KHTML, like Gecko) Chrome/97.0.4692.71 Safari/537.36"
::1 - - [Wed, 12 Jan 2022 06:51:42 GMT] "GET /users/profile/css/user_profile.css HTTP/1.1" 404 173 "http://localhost:8002/users/profile/61d95b710ed985085c9a8147" "Mozilla/5.0 (Windows NT 10.0; Win64; x64) AppleWebKit/537.36 (KHTML, like Gecko) Chrome/97.0.4692.71 Safari/537.36"
::1 - - [Wed, 12 Jan 2022 06:51:42 GMT] "GET /users/profile/css/footer.css HTTP/1.1" 404 167 "http://localhost:8002/users/profile/61d95b710ed985085c9a8147" "Mozilla/5.0 (Windows NT 10.0; Win64; x64) AppleWebKit/537.36 (KHTML, like Gecko) Chrome/97.0.4692.71 Safari/537.36"
::1 - - [Wed, 12 Jan 2022 06:52:40 GMT] "GET / HTTP/1.1" 200 39717 "http://localhost:8002/users/sign-in" "Mozilla/5.0 (Windows NT 10.0; Win64; x64) AppleWebKit/537.36 (KHTML, like Gecko) Chrome/97.0.4692.71 Safari/537.36"
::1 - - [Wed, 12 Jan 2022 06:52:41 GMT] "GET / HTTP/1.1" 304 - "http://localhost:8002/users/sign-in" "Mozilla/5.0 (Windows NT 10.0; Win64; x64) AppleWebKit/537.36 (KHTML, like Gecko) Chrome/97.0.4692.71 Safari/537.36"
::1 - - [Wed, 12 Jan 2022 06:52:42 GMT] "GET /users/sign-in HTTP/1.1" 304 - "http://localhost:8002/" "Mozilla/5.0 (Windows NT 10.0; Win64; x64) AppleWebKit/537.36 (KHTML, like Gecko) Chrome/97.0.4692.71 Safari/537.36"
::1 - - [Wed, 12 Jan 2022 06:52:42 GMT] "GET /users/css/layout.css HTTP/1.1" 404 159 "http://localhost:8002/users/sign-in" "Mozilla/5.0 (Windows NT 10.0; Win64; x64) AppleWebKit/537.36 (KHTML, like Gecko) Chrome/97.0.4692.71 Safari/537.36"
::1 - - [Wed, 12 Jan 2022 06:52:42 GMT] "GET /users/css/header.css HTTP/1.1" 404 159 "http://localhost:8002/users/sign-in" "Mozilla/5.0 (Windows NT 10.0; Win64; x64) AppleWebKit/537.36 (KHTML, like Gecko) Chrome/97.0.4692.71 Safari/537.36"
::1 - - [Wed, 12 Jan 2022 06:52:42 GMT] "GET /users/css/footer.css HTTP/1.1" 404 159 "http://localhost:8002/users/sign-in" "Mozilla/5.0 (Windows NT 10.0; Win64; x64) AppleWebKit/537.36 (KHTML, like Gecko) Chrome/97.0.4692.71 Safari/537.36"
::1 - - [Wed, 12 Jan 2022 06:58:47 GMT] "GET /users/sign-in HTTP/1.1" 304 - "http://localhost:8002/" "Mozilla/5.0 (Windows NT 10.0; Win64; x64) AppleWebKit/537.36 (KHTML, like Gecko) Chrome/97.0.4692.71 Safari/537.36"
::1 - - [Wed, 12 Jan 2022 06:58:47 GMT] "GET /users/css/layout.css HTTP/1.1" 404 159 "http://localhost:8002/users/sign-in" "Mozilla/5.0 (Windows NT 10.0; Win64; x64) AppleWebKit/537.36 (KHTML, like Gecko) Chrome/97.0.4692.71 Safari/537.36"
::1 - - [Wed, 12 Jan 2022 06:58:47 GMT] "GET /users/css/header.css HTTP/1.1" 404 159 "http://localhost:8002/users/sign-in" "Mozilla/5.0 (Windows NT 10.0; Win64; x64) AppleWebKit/537.36 (KHTML, like Gecko) Chrome/97.0.4692.71 Safari/537.36"
::1 - - [Wed, 12 Jan 2022 06:58:47 GMT] "GET /users/css/footer.css HTTP/1.1" 404 159 "http://localhost:8002/users/sign-in" "Mozilla/5.0 (Windows NT 10.0; Win64; x64) AppleWebKit/537.36 (KHTML, like Gecko) Chrome/97.0.4692.71 Safari/537.36"
::1 - - [Wed, 12 Jan 2022 06:58:49 GMT] "POST /users/create-session HTTP/1.1" 302 46 "http://localhost:8002/users/sign-in" "Mozilla/5.0 (Windows NT 10.0; Win64; x64) AppleWebKit/537.36 (KHTML, like Gecko) Chrome/97.0.4692.71 Safari/537.36"
::1 - - [Wed, 12 Jan 2022 06:58:50 GMT] "GET / HTTP/1.1" 200 66947 "http://localhost:8002/users/sign-in" "Mozilla/5.0 (Windows NT 10.0; Win64; x64) AppleWebKit/537.36 (KHTML, like Gecko) Chrome/97.0.4692.71 Safari/537.36"
::1 - - [Wed, 12 Jan 2022 06:58:57 GMT] "GET /users/sign-out HTTP/1.1" 302 46 "http://localhost:8002/" "Mozilla/5.0 (Windows NT 10.0; Win64; x64) AppleWebKit/537.36 (KHTML, like Gecko) Chrome/97.0.4692.71 Safari/537.36"
::1 - - [Wed, 12 Jan 2022 06:58:57 GMT] "GET / HTTP/1.1" 200 39970 "http://localhost:8002/" "Mozilla/5.0 (Windows NT 10.0; Win64; x64) AppleWebKit/537.36 (KHTML, like Gecko) Chrome/97.0.4692.71 Safari/537.36"
::1 - - [Wed, 12 Jan 2022 06:58:59 GMT] "GET /users/sign-up HTTP/1.1" 304 - "http://localhost:8002/" "Mozilla/5.0 (Windows NT 10.0; Win64; x64) AppleWebKit/537.36 (KHTML, like Gecko) Chrome/97.0.4692.71 Safari/537.36"
::1 - - [Wed, 12 Jan 2022 06:58:59 GMT] "GET /users/css/layout.css HTTP/1.1" 404 159 "http://localhost:8002/users/sign-up" "Mozilla/5.0 (Windows NT 10.0; Win64; x64) AppleWebKit/537.36 (KHTML, like Gecko) Chrome/97.0.4692.71 Safari/537.36"
::1 - - [Wed, 12 Jan 2022 06:58:59 GMT] "GET /users/css/header.css HTTP/1.1" 404 159 "http://localhost:8002/users/sign-up" "Mozilla/5.0 (Windows NT 10.0; Win64; x64) AppleWebKit/537.36 (KHTML, like Gecko) Chrome/97.0.4692.71 Safari/537.36"
::1 - - [Wed, 12 Jan 2022 06:58:59 GMT] "GET /users/css/footer.css HTTP/1.1" 404 159 "http://localhost:8002/users/sign-up" "Mozilla/5.0 (Windows NT 10.0; Win64; x64) AppleWebKit/537.36 (KHTML, like Gecko) Chrome/97.0.4692.71 Safari/537.36"
::1 - - [Wed, 12 Jan 2022 06:59:49 GMT] "GET /users/sign-in HTTP/1.1" 304 - "http://localhost:8002/" "Mozilla/5.0 (Windows NT 10.0; Win64; x64) AppleWebKit/537.36 (KHTML, like Gecko) Chrome/97.0.4692.71 Safari/537.36"
::1 - - [Wed, 12 Jan 2022 06:59:49 GMT] "GET /users/css/layout.css HTTP/1.1" 404 159 "http://localhost:8002/users/sign-in" "Mozilla/5.0 (Windows NT 10.0; Win64; x64) AppleWebKit/537.36 (KHTML, like Gecko) Chrome/97.0.4692.71 Safari/537.36"
::1 - - [Wed, 12 Jan 2022 06:59:49 GMT] "GET /users/css/header.css HTTP/1.1" 404 159 "http://localhost:8002/users/sign-in" "Mozilla/5.0 (Windows NT 10.0; Win64; x64) AppleWebKit/537.36 (KHTML, like Gecko) Chrome/97.0.4692.71 Safari/537.36"
::1 - - [Wed, 12 Jan 2022 06:59:49 GMT] "GET /users/css/footer.css HTTP/1.1" 404 159 "http://localhost:8002/users/sign-in" "Mozilla/5.0 (Windows NT 10.0; Win64; x64) AppleWebKit/537.36 (KHTML, like Gecko) Chrome/97.0.4692.71 Safari/537.36"
::1 - - [Wed, 12 Jan 2022 06:59:50 GMT] "POST /users/create-session HTTP/1.1" 302 46 "http://localhost:8002/users/sign-in" "Mozilla/5.0 (Windows NT 10.0; Win64; x64) AppleWebKit/537.36 (KHTML, like Gecko) Chrome/97.0.4692.71 Safari/537.36"
::1 - - [Wed, 12 Jan 2022 06:59:50 GMT] "GET / HTTP/1.1" 200 66947 "http://localhost:8002/users/sign-in" "Mozilla/5.0 (Windows NT 10.0; Win64; x64) AppleWebKit/537.36 (KHTML, like Gecko) Chrome/97.0.4692.71 Safari/537.36"
::1 - - [Wed, 12 Jan 2022 06:59:52 GMT] "GET /users/profile/61d95b710ed985085c9a8147 HTTP/1.1" 304 - "http://localhost:8002/" "Mozilla/5.0 (Windows NT 10.0; Win64; x64) AppleWebKit/537.36 (KHTML, like Gecko) Chrome/97.0.4692.71 Safari/537.36"
::1 - - [Wed, 12 Jan 2022 06:59:52 GMT] "GET /users/profile/css/layout.css HTTP/1.1" 404 167 "http://localhost:8002/users/profile/61d95b710ed985085c9a8147" "Mozilla/5.0 (Windows NT 10.0; Win64; x64) AppleWebKit/537.36 (KHTML, like Gecko) Chrome/97.0.4692.71 Safari/537.36"
::1 - - [Wed, 12 Jan 2022 06:59:52 GMT] "GET /users/profile/css/header.css HTTP/1.1" 404 167 "http://localhost:8002/users/profile/61d95b710ed985085c9a8147" "Mozilla/5.0 (Windows NT 10.0; Win64; x64) AppleWebKit/537.36 (KHTML, like Gecko) Chrome/97.0.4692.71 Safari/537.36"
::1 - - [Wed, 12 Jan 2022 06:59:52 GMT] "GET /users/profile/css/user_profile.css HTTP/1.1" 404 173 "http://localhost:8002/users/profile/61d95b710ed985085c9a8147" "Mozilla/5.0 (Windows NT 10.0; Win64; x64) AppleWebKit/537.36 (KHTML, like Gecko) Chrome/97.0.4692.71 Safari/537.36"
::1 - - [Wed, 12 Jan 2022 06:59:52 GMT] "GET /users/profile/css/footer.css HTTP/1.1" 404 167 "http://localhost:8002/users/profile/61d95b710ed985085c9a8147" "Mozilla/5.0 (Windows NT 10.0; Win64; x64) AppleWebKit/537.36 (KHTML, like Gecko) Chrome/97.0.4692.71 Safari/537.36"
::1 - - [Wed, 12 Jan 2022 07:03:05 GMT] "GET /users/profile/61d95b710ed985085c9a8147 HTTP/1.1" 200 2128 "http://localhost:8002/" "Mozilla/5.0 (Windows NT 10.0; Win64; x64) AppleWebKit/537.36 (KHTML, like Gecko) Chrome/97.0.4692.71 Safari/537.36"
::1 - - [Wed, 12 Jan 2022 07:03:06 GMT] "GET /users/profile/css/layout.css HTTP/1.1" 404 167 "http://localhost:8002/users/profile/61d95b710ed985085c9a8147" "Mozilla/5.0 (Windows NT 10.0; Win64; x64) AppleWebKit/537.36 (KHTML, like Gecko) Chrome/97.0.4692.71 Safari/537.36"
::1 - - [Wed, 12 Jan 2022 07:03:06 GMT] "GET /users/profile/css/header.css HTTP/1.1" 404 167 "http://localhost:8002/users/profile/61d95b710ed985085c9a8147" "Mozilla/5.0 (Windows NT 10.0; Win64; x64) AppleWebKit/537.36 (KHTML, like Gecko) Chrome/97.0.4692.71 Safari/537.36"
::1 - - [Wed, 12 Jan 2022 07:03:06 GMT] "GET /users/profile/css/user_profile.css HTTP/1.1" 404 173 "http://localhost:8002/users/profile/61d95b710ed985085c9a8147" "Mozilla/5.0 (Windows NT 10.0; Win64; x64) AppleWebKit/537.36 (KHTML, like Gecko) Chrome/97.0.4692.71 Safari/537.36"
::1 - - [Wed, 12 Jan 2022 07:03:06 GMT] "GET /users/profile/css/footer.css HTTP/1.1" 404 167 "http://localhost:8002/users/profile/61d95b710ed985085c9a8147" "Mozilla/5.0 (Windows NT 10.0; Win64; x64) AppleWebKit/537.36 (KHTML, like Gecko) Chrome/97.0.4692.71 Safari/537.36"
::1 - - [Wed, 12 Jan 2022 07:03:23 GMT] "GET / HTTP/1.1" 200 66730 "http://localhost:8002/users/sign-in" "Mozilla/5.0 (Windows NT 10.0; Win64; x64) AppleWebKit/537.36 (KHTML, like Gecko) Chrome/97.0.4692.71 Safari/537.36"
::1 - - [Wed, 12 Jan 2022 07:03:30 GMT] "GET /users/profile/61d95b710ed985085c9a8147 HTTP/1.1" 304 - "http://localhost:8002/" "Mozilla/5.0 (Windows NT 10.0; Win64; x64) AppleWebKit/537.36 (KHTML, like Gecko) Chrome/97.0.4692.71 Safari/537.36"
::1 - - [Wed, 12 Jan 2022 07:03:30 GMT] "GET /users/profile/css/layout.css HTTP/1.1" 404 167 "http://localhost:8002/users/profile/61d95b710ed985085c9a8147" "Mozilla/5.0 (Windows NT 10.0; Win64; x64) AppleWebKit/537.36 (KHTML, like Gecko) Chrome/97.0.4692.71 Safari/537.36"
::1 - - [Wed, 12 Jan 2022 07:03:30 GMT] "GET /users/profile/css/user_profile.css HTTP/1.1" 404 173 "http://localhost:8002/users/profile/61d95b710ed985085c9a8147" "Mozilla/5.0 (Windows NT 10.0; Win64; x64) AppleWebKit/537.36 (KHTML, like Gecko) Chrome/97.0.4692.71 Safari/537.36"
::1 - - [Wed, 12 Jan 2022 07:03:30 GMT] "GET /users/profile/css/header.css HTTP/1.1" 404 167 "http://localhost:8002/users/profile/61d95b710ed985085c9a8147" "Mozilla/5.0 (Windows NT 10.0; Win64; x64) AppleWebKit/537.36 (KHTML, like Gecko) Chrome/97.0.4692.71 Safari/537.36"
::1 - - [Wed, 12 Jan 2022 07:03:30 GMT] "GET /users/profile/css/footer.css HTTP/1.1" 404 167 "http://localhost:8002/users/profile/61d95b710ed985085c9a8147" "Mozilla/5.0 (Windows NT 10.0; Win64; x64) AppleWebKit/537.36 (KHTML, like Gecko) Chrome/97.0.4692.71 Safari/537.36"
::1 - - [Wed, 12 Jan 2022 07:04:36 GMT] "GET /users/profile/61d95b710ed985085c9a8147 HTTP/1.1" 302 72 "http://localhost:8002/" "Mozilla/5.0 (Windows NT 10.0; Win64; x64) AppleWebKit/537.36 (KHTML, like Gecko) Chrome/97.0.4692.71 Safari/537.36"
::1 - - [Wed, 12 Jan 2022 07:04:36 GMT] "GET /users/sign-in HTTP/1.1" 200 1883 "http://localhost:8002/" "Mozilla/5.0 (Windows NT 10.0; Win64; x64) AppleWebKit/537.36 (KHTML, like Gecko) Chrome/97.0.4692.71 Safari/537.36"
::1 - - [Wed, 12 Jan 2022 07:04:36 GMT] "GET /users/css/layout.css HTTP/1.1" 404 159 "http://localhost:8002/users/sign-in" "Mozilla/5.0 (Windows NT 10.0; Win64; x64) AppleWebKit/537.36 (KHTML, like Gecko) Chrome/97.0.4692.71 Safari/537.36"
::1 - - [Wed, 12 Jan 2022 07:04:36 GMT] "GET /users/css/header.css HTTP/1.1" 404 159 "http://localhost:8002/users/sign-in" "Mozilla/5.0 (Windows NT 10.0; Win64; x64) AppleWebKit/537.36 (KHTML, like Gecko) Chrome/97.0.4692.71 Safari/537.36"
::1 - - [Wed, 12 Jan 2022 07:04:36 GMT] "GET /users/css/footer.css HTTP/1.1" 404 159 "http://localhost:8002/users/sign-in" "Mozilla/5.0 (Windows NT 10.0; Win64; x64) AppleWebKit/537.36 (KHTML, like Gecko) Chrome/97.0.4692.71 Safari/537.36"
::1 - - [Wed, 12 Jan 2022 07:04:39 GMT] "GET /users/sign-in HTTP/1.1" 304 - "http://localhost:8002/users/sign-in" "Mozilla/5.0 (Windows NT 10.0; Win64; x64) AppleWebKit/537.36 (KHTML, like Gecko) Chrome/97.0.4692.71 Safari/537.36"
::1 - - [Wed, 12 Jan 2022 07:04:39 GMT] "GET /users/css/layout.css HTTP/1.1" 404 159 "http://localhost:8002/users/sign-in" "Mozilla/5.0 (Windows NT 10.0; Win64; x64) AppleWebKit/537.36 (KHTML, like Gecko) Chrome/97.0.4692.71 Safari/537.36"
::1 - - [Wed, 12 Jan 2022 07:04:39 GMT] "GET /users/css/header.css HTTP/1.1" 404 159 "http://localhost:8002/users/sign-in" "Mozilla/5.0 (Windows NT 10.0; Win64; x64) AppleWebKit/537.36 (KHTML, like Gecko) Chrome/97.0.4692.71 Safari/537.36"
::1 - - [Wed, 12 Jan 2022 07:04:39 GMT] "GET /users/css/footer.css HTTP/1.1" 404 159 "http://localhost:8002/users/sign-in" "Mozilla/5.0 (Windows NT 10.0; Win64; x64) AppleWebKit/537.36 (KHTML, like Gecko) Chrome/97.0.4692.71 Safari/537.36"
::1 - - [Wed, 12 Jan 2022 07:04:39 GMT] "GET /users/sign-in HTTP/1.1" 304 - "http://localhost:8002/users/sign-in" "Mozilla/5.0 (Windows NT 10.0; Win64; x64) AppleWebKit/537.36 (KHTML, like Gecko) Chrome/97.0.4692.71 Safari/537.36"
::1 - - [Wed, 12 Jan 2022 07:04:40 GMT] "GET /users/css/layout.css HTTP/1.1" 404 159 "http://localhost:8002/users/sign-in" "Mozilla/5.0 (Windows NT 10.0; Win64; x64) AppleWebKit/537.36 (KHTML, like Gecko) Chrome/97.0.4692.71 Safari/537.36"
::1 - - [Wed, 12 Jan 2022 07:04:40 GMT] "GET /users/css/header.css HTTP/1.1" 404 159 "http://localhost:8002/users/sign-in" "Mozilla/5.0 (Windows NT 10.0; Win64; x64) AppleWebKit/537.36 (KHTML, like Gecko) Chrome/97.0.4692.71 Safari/537.36"
::1 - - [Wed, 12 Jan 2022 07:04:40 GMT] "GET /users/css/footer.css HTTP/1.1" 404 159 "http://localhost:8002/users/sign-in" "Mozilla/5.0 (Windows NT 10.0; Win64; x64) AppleWebKit/537.36 (KHTML, like Gecko) Chrome/97.0.4692.71 Safari/537.36"
::1 - - [Wed, 12 Jan 2022 07:04:40 GMT] "GET /users/sign-in HTTP/1.1" 304 - "http://localhost:8002/users/sign-in" "Mozilla/5.0 (Windows NT 10.0; Win64; x64) AppleWebKit/537.36 (KHTML, like Gecko) Chrome/97.0.4692.71 Safari/537.36"
::1 - - [Wed, 12 Jan 2022 07:04:40 GMT] "GET /users/css/layout.css HTTP/1.1" 404 159 "http://localhost:8002/users/sign-in" "Mozilla/5.0 (Windows NT 10.0; Win64; x64) AppleWebKit/537.36 (KHTML, like Gecko) Chrome/97.0.4692.71 Safari/537.36"
::1 - - [Wed, 12 Jan 2022 07:04:40 GMT] "GET /users/css/header.css HTTP/1.1" 404 159 "http://localhost:8002/users/sign-in" "Mozilla/5.0 (Windows NT 10.0; Win64; x64) AppleWebKit/537.36 (KHTML, like Gecko) Chrome/97.0.4692.71 Safari/537.36"
::1 - - [Wed, 12 Jan 2022 07:04:40 GMT] "GET /users/css/footer.css HTTP/1.1" 404 159 "http://localhost:8002/users/sign-in" "Mozilla/5.0 (Windows NT 10.0; Win64; x64) AppleWebKit/537.36 (KHTML, like Gecko) Chrome/97.0.4692.71 Safari/537.36"
::1 - - [Wed, 12 Jan 2022 07:04:41 GMT] "GET /users/sign-in HTTP/1.1" 304 - "http://localhost:8002/users/sign-in" "Mozilla/5.0 (Windows NT 10.0; Win64; x64) AppleWebKit/537.36 (KHTML, like Gecko) Chrome/97.0.4692.71 Safari/537.36"
::1 - - [Wed, 12 Jan 2022 07:04:41 GMT] "GET /users/css/layout.css HTTP/1.1" 404 159 "http://localhost:8002/users/sign-in" "Mozilla/5.0 (Windows NT 10.0; Win64; x64) AppleWebKit/537.36 (KHTML, like Gecko) Chrome/97.0.4692.71 Safari/537.36"
::1 - - [Wed, 12 Jan 2022 07:04:41 GMT] "GET /users/css/header.css HTTP/1.1" 404 159 "http://localhost:8002/users/sign-in" "Mozilla/5.0 (Windows NT 10.0; Win64; x64) AppleWebKit/537.36 (KHTML, like Gecko) Chrome/97.0.4692.71 Safari/537.36"
::1 - - [Wed, 12 Jan 2022 07:04:41 GMT] "GET /users/css/footer.css HTTP/1.1" 404 159 "http://localhost:8002/users/sign-in" "Mozilla/5.0 (Windows NT 10.0; Win64; x64) AppleWebKit/537.36 (KHTML, like Gecko) Chrome/97.0.4692.71 Safari/537.36"
::1 - - [Wed, 12 Jan 2022 07:04:41 GMT] "GET /users/sign-in HTTP/1.1" 304 - "http://localhost:8002/users/sign-in" "Mozilla/5.0 (Windows NT 10.0; Win64; x64) AppleWebKit/537.36 (KHTML, like Gecko) Chrome/97.0.4692.71 Safari/537.36"
::1 - - [Wed, 12 Jan 2022 07:04:41 GMT] "GET /users/css/layout.css HTTP/1.1" 404 159 "http://localhost:8002/users/sign-in" "Mozilla/5.0 (Windows NT 10.0; Win64; x64) AppleWebKit/537.36 (KHTML, like Gecko) Chrome/97.0.4692.71 Safari/537.36"
::1 - - [Wed, 12 Jan 2022 07:04:41 GMT] "GET /users/css/header.css HTTP/1.1" 404 159 "http://localhost:8002/users/sign-in" "Mozilla/5.0 (Windows NT 10.0; Win64; x64) AppleWebKit/537.36 (KHTML, like Gecko) Chrome/97.0.4692.71 Safari/537.36"
::1 - - [Wed, 12 Jan 2022 07:04:41 GMT] "GET /users/css/footer.css HTTP/1.1" 404 159 "http://localhost:8002/users/sign-in" "Mozilla/5.0 (Windows NT 10.0; Win64; x64) AppleWebKit/537.36 (KHTML, like Gecko) Chrome/97.0.4692.71 Safari/537.36"
::1 - - [Wed, 12 Jan 2022 07:04:43 GMT] "POST /users/create-session HTTP/1.1" 302 46 "http://localhost:8002/users/sign-in" "Mozilla/5.0 (Windows NT 10.0; Win64; x64) AppleWebKit/537.36 (KHTML, like Gecko) Chrome/97.0.4692.71 Safari/537.36"
::1 - - [Wed, 12 Jan 2022 07:04:43 GMT] "GET / HTTP/1.1" 200 66998 "http://localhost:8002/users/sign-in" "Mozilla/5.0 (Windows NT 10.0; Win64; x64) AppleWebKit/537.36 (KHTML, like Gecko) Chrome/97.0.4692.71 Safari/537.36"
::1 - - [Wed, 12 Jan 2022 07:04:44 GMT] "GET / HTTP/1.1" 200 66730 "http://localhost:8002/" "Mozilla/5.0 (Windows NT 10.0; Win64; x64) AppleWebKit/537.36 (KHTML, like Gecko) Chrome/97.0.4692.71 Safari/537.36"
::1 - - [Wed, 12 Jan 2022 07:07:02 GMT] "GET / HTTP/1.1" 200 66729 "http://localhost:8002/" "Mozilla/5.0 (Windows NT 10.0; Win64; x64) AppleWebKit/537.36 (KHTML, like Gecko) Chrome/97.0.4692.71 Safari/537.36"
::1 - - [Wed, 12 Jan 2022 07:07:16 GMT] "GET / HTTP/1.1" 304 - "http://localhost:8002/" "Mozilla/5.0 (Windows NT 10.0; Win64; x64) AppleWebKit/537.36 (KHTML, like Gecko) Chrome/97.0.4692.71 Safari/537.36"
::1 - - [Wed, 12 Jan 2022 07:07:18 GMT] "GET /users/profile HTTP/1.1" 404 152 "http://localhost:8002/" "Mozilla/5.0 (Windows NT 10.0; Win64; x64) AppleWebKit/537.36 (KHTML, like Gecko) Chrome/97.0.4692.71 Safari/537.36"
::1 - - [Wed, 12 Jan 2022 07:07:22 GMT] "GET /users/profile/61d95b710ed985085c9a8147 HTTP/1.1" 200 2127 "http://localhost:8002/" "Mozilla/5.0 (Windows NT 10.0; Win64; x64) AppleWebKit/537.36 (KHTML, like Gecko) Chrome/97.0.4692.71 Safari/537.36"
::1 - - [Wed, 12 Jan 2022 07:07:22 GMT] "GET /users/profile/css/layout.css HTTP/1.1" 404 167 "http://localhost:8002/users/profile/61d95b710ed985085c9a8147" "Mozilla/5.0 (Windows NT 10.0; Win64; x64) AppleWebKit/537.36 (KHTML, like Gecko) Chrome/97.0.4692.71 Safari/537.36"
::1 - - [Wed, 12 Jan 2022 07:07:22 GMT] "GET /users/profile/css/header.css HTTP/1.1" 404 167 "http://localhost:8002/users/profile/61d95b710ed985085c9a8147" "Mozilla/5.0 (Windows NT 10.0; Win64; x64) AppleWebKit/537.36 (KHTML, like Gecko) Chrome/97.0.4692.71 Safari/537.36"
::1 - - [Wed, 12 Jan 2022 07:07:22 GMT] "GET /users/profile/css/footer.css HTTP/1.1" 404 167 "http://localhost:8002/users/profile/61d95b710ed985085c9a8147" "Mozilla/5.0 (Windows NT 10.0; Win64; x64) AppleWebKit/537.36 (KHTML, like Gecko) Chrome/97.0.4692.71 Safari/537.36"
::1 - - [Wed, 12 Jan 2022 07:07:22 GMT] "GET /users/profile/css/user_profile.css HTTP/1.1" 404 173 "http://localhost:8002/users/profile/61d95b710ed985085c9a8147" "Mozilla/5.0 (Windows NT 10.0; Win64; x64) AppleWebKit/537.36 (KHTML, like Gecko) Chrome/97.0.4692.71 Safari/537.36"
::1 - - [Wed, 12 Jan 2022 07:07:39 GMT] "GET / HTTP/1.1" 304 - "http://localhost:8002/" "Mozilla/5.0 (Windows NT 10.0; Win64; x64) AppleWebKit/537.36 (KHTML, like Gecko) Chrome/97.0.4692.71 Safari/537.36"
::1 - - [Wed, 12 Jan 2022 07:08:16 GMT] "GET / HTTP/1.1" 304 - "http://localhost:8002/" "Mozilla/5.0 (Windows NT 10.0; Win64; x64) AppleWebKit/537.36 (KHTML, like Gecko) Chrome/97.0.4692.71 Safari/537.36"
::1 - - [Wed, 12 Jan 2022 07:08:39 GMT] "GET / HTTP/1.1" 304 - "http://localhost:8002/" "Mozilla/5.0 (Windows NT 10.0; Win64; x64) AppleWebKit/537.36 (KHTML, like Gecko) Chrome/97.0.4692.71 Safari/537.36"
::1 - - [Wed, 12 Jan 2022 07:09:01 GMT] "GET / HTTP/1.1" 304 - "http://localhost:8002/" "Mozilla/5.0 (Windows NT 10.0; Win64; x64) AppleWebKit/537.36 (KHTML, like Gecko) Chrome/97.0.4692.71 Safari/537.36"
::1 - - [Wed, 12 Jan 2022 07:09:48 GMT] "GET / HTTP/1.1" 304 - "http://localhost:8002/" "Mozilla/5.0 (Windows NT 10.0; Win64; x64) AppleWebKit/537.36 (KHTML, like Gecko) Chrome/97.0.4692.71 Safari/537.36"
::1 - - [Wed, 12 Jan 2022 07:10:03 GMT] "GET / HTTP/1.1" 304 - "http://localhost:8002/" "Mozilla/5.0 (Windows NT 10.0; Win64; x64) AppleWebKit/537.36 (KHTML, like Gecko) Chrome/97.0.4692.71 Safari/537.36"
::1 - - [Wed, 12 Jan 2022 07:10:52 GMT] "GET / HTTP/1.1" 304 - "http://localhost:8002/" "Mozilla/5.0 (Windows NT 10.0; Win64; x64) AppleWebKit/537.36 (KHTML, like Gecko) Chrome/97.0.4692.71 Safari/537.36"
::1 - - [Wed, 12 Jan 2022 07:11:02 GMT] "GET /users/sign-out HTTP/1.1" 302 46 "http://localhost:8002/" "Mozilla/5.0 (Windows NT 10.0; Win64; x64) AppleWebKit/537.36 (KHTML, like Gecko) Chrome/97.0.4692.71 Safari/537.36"
::1 - - [Wed, 12 Jan 2022 07:11:02 GMT] "GET / HTTP/1.1" 200 40020 "http://localhost:8002/" "Mozilla/5.0 (Windows NT 10.0; Win64; x64) AppleWebKit/537.36 (KHTML, like Gecko) Chrome/97.0.4692.71 Safari/537.36"
::1 - - [Wed, 12 Jan 2022 07:11:05 GMT] "GET /users/sign-in HTTP/1.1" 200 1882 "http://localhost:8002/" "Mozilla/5.0 (Windows NT 10.0; Win64; x64) AppleWebKit/537.36 (KHTML, like Gecko) Chrome/97.0.4692.71 Safari/537.36"
::1 - - [Wed, 12 Jan 2022 07:11:05 GMT] "GET /users/css/layout.css HTTP/1.1" 404 159 "http://localhost:8002/users/sign-in" "Mozilla/5.0 (Windows NT 10.0; Win64; x64) AppleWebKit/537.36 (KHTML, like Gecko) Chrome/97.0.4692.71 Safari/537.36"
::1 - - [Wed, 12 Jan 2022 07:11:05 GMT] "GET /users/css/header.css HTTP/1.1" 404 159 "http://localhost:8002/users/sign-in" "Mozilla/5.0 (Windows NT 10.0; Win64; x64) AppleWebKit/537.36 (KHTML, like Gecko) Chrome/97.0.4692.71 Safari/537.36"
::1 - - [Wed, 12 Jan 2022 07:11:05 GMT] "GET /users/css/footer.css HTTP/1.1" 404 159 "http://localhost:8002/users/sign-in" "Mozilla/5.0 (Windows NT 10.0; Win64; x64) AppleWebKit/537.36 (KHTML, like Gecko) Chrome/97.0.4692.71 Safari/537.36"
::1 - - [Wed, 12 Jan 2022 07:11:07 GMT] "POST /users/create-session HTTP/1.1" 302 46 "http://localhost:8002/users/sign-in" "Mozilla/5.0 (Windows NT 10.0; Win64; x64) AppleWebKit/537.36 (KHTML, like Gecko) Chrome/97.0.4692.71 Safari/537.36"
::1 - - [Wed, 12 Jan 2022 07:11:08 GMT] "GET / HTTP/1.1" 200 66997 "http://localhost:8002/users/sign-in" "Mozilla/5.0 (Windows NT 10.0; Win64; x64) AppleWebKit/537.36 (KHTML, like Gecko) Chrome/97.0.4692.71 Safari/537.36"
::1 - - [Wed, 12 Jan 2022 07:11:54 GMT] "GET / HTTP/1.1" 200 66729 "http://localhost:8002/users/sign-in" "Mozilla/5.0 (Windows NT 10.0; Win64; x64) AppleWebKit/537.36 (KHTML, like Gecko) Chrome/97.0.4692.71 Safari/537.36"
::1 - - [Wed, 12 Jan 2022 07:11:56 GMT] "GET / HTTP/1.1" 304 - "http://localhost:8002/users/sign-in" "Mozilla/5.0 (Windows NT 10.0; Win64; x64) AppleWebKit/537.36 (KHTML, like Gecko) Chrome/97.0.4692.71 Safari/537.36"
::1 - - [Wed, 12 Jan 2022 07:12:07 GMT] "GET / HTTP/1.1" 304 - "http://localhost:8002/users/sign-in" "Mozilla/5.0 (Windows NT 10.0; Win64; x64) AppleWebKit/537.36 (KHTML, like Gecko) Chrome/97.0.4692.71 Safari/537.36"
::1 - - [Wed, 12 Jan 2022 07:12:39 GMT] "GET / HTTP/1.1" 304 - "http://localhost:8002/users/sign-in" "Mozilla/5.0 (Windows NT 10.0; Win64; x64) AppleWebKit/537.36 (KHTML, like Gecko) Chrome/97.0.4692.71 Safari/537.36"
::1 - - [Wed, 12 Jan 2022 07:13:23 GMT] "GET / HTTP/1.1" 304 - "http://localhost:8002/users/sign-in" "Mozilla/5.0 (Windows NT 10.0; Win64; x64) AppleWebKit/537.36 (KHTML, like Gecko) Chrome/97.0.4692.71 Safari/537.36"
::1 - - [Wed, 12 Jan 2022 07:13:24 GMT] "GET / HTTP/1.1" 304 - "http://localhost:8002/users/sign-in" "Mozilla/5.0 (Windows NT 10.0; Win64; x64) AppleWebKit/537.36 (KHTML, like Gecko) Chrome/97.0.4692.71 Safari/537.36"
::1 - - [Wed, 12 Jan 2022 07:13:41 GMT] "GET / HTTP/1.1" 304 - "http://localhost:8002/users/sign-in" "Mozilla/5.0 (Windows NT 10.0; Win64; x64) AppleWebKit/537.36 (KHTML, like Gecko) Chrome/97.0.4692.71 Safari/537.36"
::1 - - [Wed, 12 Jan 2022 07:13:42 GMT] "GET / HTTP/1.1" 304 - "http://localhost:8002/users/sign-in" "Mozilla/5.0 (Windows NT 10.0; Win64; x64) AppleWebKit/537.36 (KHTML, like Gecko) Chrome/97.0.4692.71 Safari/537.36"
::1 - - [Wed, 12 Jan 2022 07:13:52 GMT] "GET / HTTP/1.1" 304 - "http://localhost:8002/users/sign-in" "Mozilla/5.0 (Windows NT 10.0; Win64; x64) AppleWebKit/537.36 (KHTML, like Gecko) Chrome/97.0.4692.71 Safari/537.36"
::1 - - [Wed, 12 Jan 2022 07:13:59 GMT] "GET / HTTP/1.1" 304 - "http://localhost:8002/" "Mozilla/5.0 (Windows NT 10.0; Win64; x64) AppleWebKit/537.36 (KHTML, like Gecko) Chrome/97.0.4692.71 Safari/537.36"
::1 - - [Wed, 12 Jan 2022 07:14:11 GMT] "GET / HTTP/1.1" 304 - "http://localhost:8002/" "Mozilla/5.0 (Windows NT 10.0; Win64; x64) AppleWebKit/537.36 (KHTML, like Gecko) Chrome/97.0.4692.71 Safari/537.36"
::1 - - [Wed, 12 Jan 2022 07:14:38 GMT] "GET / HTTP/1.1" 304 - "http://localhost:8002/" "Mozilla/5.0 (Windows NT 10.0; Win64; x64) AppleWebKit/537.36 (KHTML, like Gecko) Chrome/97.0.4692.71 Safari/537.36"
::1 - - [Wed, 12 Jan 2022 07:14:54 GMT] "GET / HTTP/1.1" 304 - "http://localhost:8002/" "Mozilla/5.0 (Windows NT 10.0; Win64; x64) AppleWebKit/537.36 (KHTML, like Gecko) Chrome/97.0.4692.71 Safari/537.36"
::1 - - [Wed, 12 Jan 2022 07:15:14 GMT] "GET / HTTP/1.1" 304 - "http://localhost:8002/" "Mozilla/5.0 (Windows NT 10.0; Win64; x64) AppleWebKit/537.36 (KHTML, like Gecko) Chrome/97.0.4692.71 Safari/537.36"
::1 - - [Wed, 12 Jan 2022 07:16:18 GMT] "GET / HTTP/1.1" 304 - "http://localhost:8002/" "Mozilla/5.0 (Windows NT 10.0; Win64; x64) AppleWebKit/537.36 (KHTML, like Gecko) Chrome/97.0.4692.71 Safari/537.36"
::1 - - [Wed, 12 Jan 2022 07:16:46 GMT] "GET / HTTP/1.1" 304 - "http://localhost:8002/" "Mozilla/5.0 (Windows NT 10.0; Win64; x64) AppleWebKit/537.36 (KHTML, like Gecko) Chrome/97.0.4692.71 Safari/537.36"
::1 - - [Wed, 12 Jan 2022 07:19:56 GMT] "GET / HTTP/1.1" 200 39767 "http://localhost:8002/" "Mozilla/5.0 (Windows NT 10.0; Win64; x64) AppleWebKit/537.36 (KHTML, like Gecko) Chrome/97.0.4692.71 Safari/537.36"
::1 - - [Wed, 12 Jan 2022 07:20:00 GMT] "GET /users/sign-in HTTP/1.1" 304 - "http://localhost:8002/" "Mozilla/5.0 (Windows NT 10.0; Win64; x64) AppleWebKit/537.36 (KHTML, like Gecko) Chrome/97.0.4692.71 Safari/537.36"
::1 - - [Wed, 12 Jan 2022 07:20:00 GMT] "GET /users/css/layout.css HTTP/1.1" 404 159 "http://localhost:8002/users/sign-in" "Mozilla/5.0 (Windows NT 10.0; Win64; x64) AppleWebKit/537.36 (KHTML, like Gecko) Chrome/97.0.4692.71 Safari/537.36"
::1 - - [Wed, 12 Jan 2022 07:20:00 GMT] "GET /users/css/header.css HTTP/1.1" 404 159 "http://localhost:8002/users/sign-in" "Mozilla/5.0 (Windows NT 10.0; Win64; x64) AppleWebKit/537.36 (KHTML, like Gecko) Chrome/97.0.4692.71 Safari/537.36"
::1 - - [Wed, 12 Jan 2022 07:20:00 GMT] "GET /users/css/footer.css HTTP/1.1" 404 159 "http://localhost:8002/users/sign-in" "Mozilla/5.0 (Windows NT 10.0; Win64; x64) AppleWebKit/537.36 (KHTML, like Gecko) Chrome/97.0.4692.71 Safari/537.36"
::1 - - [Wed, 12 Jan 2022 07:20:09 GMT] "GET / HTTP/1.1" 304 - "http://localhost:8002/" "Mozilla/5.0 (Windows NT 10.0; Win64; x64) AppleWebKit/537.36 (KHTML, like Gecko) Chrome/97.0.4692.71 Safari/537.36"
::1 - - [Wed, 12 Jan 2022 07:20:10 GMT] "GET / HTTP/1.1" 304 - "http://localhost:8002/" "Mozilla/5.0 (Windows NT 10.0; Win64; x64) AppleWebKit/537.36 (KHTML, like Gecko) Chrome/97.0.4692.71 Safari/537.36"
::1 - - [Wed, 12 Jan 2022 07:20:11 GMT] "GET / HTTP/1.1" 304 - "http://localhost:8002/" "Mozilla/5.0 (Windows NT 10.0; Win64; x64) AppleWebKit/537.36 (KHTML, like Gecko) Chrome/97.0.4692.71 Safari/537.36"
::1 - - [Wed, 12 Jan 2022 07:22:35 GMT] "GET /users/sign-in HTTP/1.1" 200 1881 "http://localhost:8002/" "Mozilla/5.0 (Windows NT 10.0; Win64; x64) AppleWebKit/537.36 (KHTML, like Gecko) Chrome/97.0.4692.71 Safari/537.36"
::1 - - [Wed, 12 Jan 2022 07:22:35 GMT] "GET /users/css/layout.css HTTP/1.1" 404 159 "http://localhost:8002/users/sign-in" "Mozilla/5.0 (Windows NT 10.0; Win64; x64) AppleWebKit/537.36 (KHTML, like Gecko) Chrome/97.0.4692.71 Safari/537.36"
::1 - - [Wed, 12 Jan 2022 07:22:35 GMT] "GET /users/css/header.css HTTP/1.1" 404 159 "http://localhost:8002/users/sign-in" "Mozilla/5.0 (Windows NT 10.0; Win64; x64) AppleWebKit/537.36 (KHTML, like Gecko) Chrome/97.0.4692.71 Safari/537.36"
::1 - - [Wed, 12 Jan 2022 07:22:35 GMT] "GET /users/css/footer.css HTTP/1.1" 404 159 "http://localhost:8002/users/sign-in" "Mozilla/5.0 (Windows NT 10.0; Win64; x64) AppleWebKit/537.36 (KHTML, like Gecko) Chrome/97.0.4692.71 Safari/537.36"
::1 - - [Wed, 12 Jan 2022 07:22:41 GMT] "POST /users/create-session HTTP/1.1" 302 46 "http://localhost:8002/users/sign-in" "Mozilla/5.0 (Windows NT 10.0; Win64; x64) AppleWebKit/537.36 (KHTML, like Gecko) Chrome/97.0.4692.71 Safari/537.36"
::1 - - [Wed, 12 Jan 2022 07:22:42 GMT] "GET / HTTP/1.1" 200 66996 "http://localhost:8002/users/sign-in" "Mozilla/5.0 (Windows NT 10.0; Win64; x64) AppleWebKit/537.36 (KHTML, like Gecko) Chrome/97.0.4692.71 Safari/537.36"
::1 - - [Wed, 12 Jan 2022 07:22:48 GMT] "GET / HTTP/1.1" 200 66728 "http://localhost:8002/" "Mozilla/5.0 (Windows NT 10.0; Win64; x64) AppleWebKit/537.36 (KHTML, like Gecko) Chrome/97.0.4692.71 Safari/537.36"
::1 - - [Wed, 12 Jan 2022 07:22:50 GMT] "GET / HTTP/1.1" 304 - "http://localhost:8002/" "Mozilla/5.0 (Windows NT 10.0; Win64; x64) AppleWebKit/537.36 (KHTML, like Gecko) Chrome/97.0.4692.71 Safari/537.36"
::1 - - [Wed, 12 Jan 2022 07:22:52 GMT] "GET / HTTP/1.1" 304 - "http://localhost:8002/" "Mozilla/5.0 (Windows NT 10.0; Win64; x64) AppleWebKit/537.36 (KHTML, like Gecko) Chrome/97.0.4692.71 Safari/537.36"
::1 - - [Wed, 12 Jan 2022 07:24:55 GMT] "GET / HTTP/1.1" 200 66731 "http://localhost:8002/" "Mozilla/5.0 (Windows NT 10.0; Win64; x64) AppleWebKit/537.36 (KHTML, like Gecko) Chrome/97.0.4692.71 Safari/537.36"
::1 - - [Wed, 12 Jan 2022 07:24:55 GMT] "GET /%3C'css/header.css' HTTP/1.1" 404 166 "http://localhost:8002/" "Mozilla/5.0 (Windows NT 10.0; Win64; x64) AppleWebKit/537.36 (KHTML, like Gecko) Chrome/97.0.4692.71 Safari/537.36"
::1 - - [Wed, 12 Jan 2022 07:25:10 GMT] "GET / HTTP/1.1" 500 1705 "http://localhost:8002/" "Mozilla/5.0 (Windows NT 10.0; Win64; x64) AppleWebKit/537.36 (KHTML, like Gecko) Chrome/97.0.4692.71 Safari/537.36"
::1 - - [Wed, 12 Jan 2022 07:25:26 GMT] "GET / HTTP/1.1" 500 1705 "http://localhost:8002/" "Mozilla/5.0 (Windows NT 10.0; Win64; x64) AppleWebKit/537.36 (KHTML, like Gecko) Chrome/97.0.4692.71 Safari/537.36"
::1 - - [Wed, 12 Jan 2022 07:25:27 GMT] "GET / HTTP/1.1" 500 1705 "http://localhost:8002/" "Mozilla/5.0 (Windows NT 10.0; Win64; x64) AppleWebKit/537.36 (KHTML, like Gecko) Chrome/97.0.4692.71 Safari/537.36"
::1 - - [Wed, 12 Jan 2022 07:25:45 GMT] "GET / HTTP/1.1" 500 1705 "http://localhost:8002/" "Mozilla/5.0 (Windows NT 10.0; Win64; x64) AppleWebKit/537.36 (KHTML, like Gecko) Chrome/97.0.4692.71 Safari/537.36"
::1 - - [Wed, 12 Jan 2022 07:25:46 GMT] "GET / HTTP/1.1" 500 1705 "http://localhost:8002/" "Mozilla/5.0 (Windows NT 10.0; Win64; x64) AppleWebKit/537.36 (KHTML, like Gecko) Chrome/97.0.4692.71 Safari/537.36"
::1 - - [Wed, 12 Jan 2022 07:25:47 GMT] "GET / HTTP/1.1" 500 1705 "http://localhost:8002/" "Mozilla/5.0 (Windows NT 10.0; Win64; x64) AppleWebKit/537.36 (KHTML, like Gecko) Chrome/97.0.4692.71 Safari/537.36"
::1 - - [Wed, 12 Jan 2022 07:25:47 GMT] "GET / HTTP/1.1" 500 1705 "http://localhost:8002/" "Mozilla/5.0 (Windows NT 10.0; Win64; x64) AppleWebKit/537.36 (KHTML, like Gecko) Chrome/97.0.4692.71 Safari/537.36"
::1 - - [Wed, 12 Jan 2022 07:25:53 GMT] "POST /users/create-session HTTP/1.1" 302 46 "http://localhost:8002/users/sign-in" "Mozilla/5.0 (Windows NT 10.0; Win64; x64) AppleWebKit/537.36 (KHTML, like Gecko) Chrome/97.0.4692.71 Safari/537.36"
::1 - - [Wed, 12 Jan 2022 07:25:53 GMT] "GET / HTTP/1.1" 500 1705 "http://localhost:8002/users/sign-in" "Mozilla/5.0 (Windows NT 10.0; Win64; x64) AppleWebKit/537.36 (KHTML, like Gecko) Chrome/97.0.4692.71 Safari/537.36"
::1 - - [Wed, 12 Jan 2022 07:26:10 GMT] "GET / HTTP/1.1" 200 66728 "http://localhost:8002/users/sign-in" "Mozilla/5.0 (Windows NT 10.0; Win64; x64) AppleWebKit/537.36 (KHTML, like Gecko) Chrome/97.0.4692.71 Safari/537.36"
::1 - - [Wed, 12 Jan 2022 07:26:13 GMT] "GET /users/profile/61d95b710ed985085c9a8147 HTTP/1.1" 200 2126 "http://localhost:8002/" "Mozilla/5.0 (Windows NT 10.0; Win64; x64) AppleWebKit/537.36 (KHTML, like Gecko) Chrome/97.0.4692.71 Safari/537.36"
::1 - - [Wed, 12 Jan 2022 07:26:13 GMT] "GET /users/profile/css/layout.css HTTP/1.1" 404 167 "http://localhost:8002/users/profile/61d95b710ed985085c9a8147" "Mozilla/5.0 (Windows NT 10.0; Win64; x64) AppleWebKit/537.36 (KHTML, like Gecko) Chrome/97.0.4692.71 Safari/537.36"
::1 - - [Wed, 12 Jan 2022 07:26:13 GMT] "GET /users/profile/css/header.css HTTP/1.1" 404 167 "http://localhost:8002/users/profile/61d95b710ed985085c9a8147" "Mozilla/5.0 (Windows NT 10.0; Win64; x64) AppleWebKit/537.36 (KHTML, like Gecko) Chrome/97.0.4692.71 Safari/537.36"
::1 - - [Wed, 12 Jan 2022 07:26:13 GMT] "GET /users/profile/css/footer.css HTTP/1.1" 404 167 "http://localhost:8002/users/profile/61d95b710ed985085c9a8147" "Mozilla/5.0 (Windows NT 10.0; Win64; x64) AppleWebKit/537.36 (KHTML, like Gecko) Chrome/97.0.4692.71 Safari/537.36"
::1 - - [Wed, 12 Jan 2022 07:26:13 GMT] "GET /users/profile/css/user_profile.css HTTP/1.1" 404 173 "http://localhost:8002/users/profile/61d95b710ed985085c9a8147" "Mozilla/5.0 (Windows NT 10.0; Win64; x64) AppleWebKit/537.36 (KHTML, like Gecko) Chrome/97.0.4692.71 Safari/537.36"
::1 - - [Wed, 12 Jan 2022 07:26:43 GMT] "GET /users/sign-out HTTP/1.1" 302 46 "http://localhost:8002/" "Mozilla/5.0 (Windows NT 10.0; Win64; x64) AppleWebKit/537.36 (KHTML, like Gecko) Chrome/97.0.4692.71 Safari/537.36"
::1 - - [Wed, 12 Jan 2022 07:26:44 GMT] "GET / HTTP/1.1" 200 40019 "http://localhost:8002/" "Mozilla/5.0 (Windows NT 10.0; Win64; x64) AppleWebKit/537.36 (KHTML, like Gecko) Chrome/97.0.4692.71 Safari/537.36"
::1 - - [Wed, 12 Jan 2022 07:26:45 GMT] "GET /users/sign-in HTTP/1.1" 304 - "http://localhost:8002/" "Mozilla/5.0 (Windows NT 10.0; Win64; x64) AppleWebKit/537.36 (KHTML, like Gecko) Chrome/97.0.4692.71 Safari/537.36"
::1 - - [Wed, 12 Jan 2022 07:26:45 GMT] "GET /users/css/layout.css HTTP/1.1" 404 159 "http://localhost:8002/users/sign-in" "Mozilla/5.0 (Windows NT 10.0; Win64; x64) AppleWebKit/537.36 (KHTML, like Gecko) Chrome/97.0.4692.71 Safari/537.36"
::1 - - [Wed, 12 Jan 2022 07:26:45 GMT] "GET /users/css/header.css HTTP/1.1" 404 159 "http://localhost:8002/users/sign-in" "Mozilla/5.0 (Windows NT 10.0; Win64; x64) AppleWebKit/537.36 (KHTML, like Gecko) Chrome/97.0.4692.71 Safari/537.36"
::1 - - [Wed, 12 Jan 2022 07:26:45 GMT] "GET /users/css/footer.css HTTP/1.1" 404 159 "http://localhost:8002/users/sign-in" "Mozilla/5.0 (Windows NT 10.0; Win64; x64) AppleWebKit/537.36 (KHTML, like Gecko) Chrome/97.0.4692.71 Safari/537.36"
::1 - - [Wed, 12 Jan 2022 07:26:46 GMT] "POST /users/create-session HTTP/1.1" 302 46 "http://localhost:8002/users/sign-in" "Mozilla/5.0 (Windows NT 10.0; Win64; x64) AppleWebKit/537.36 (KHTML, like Gecko) Chrome/97.0.4692.71 Safari/537.36"
::1 - - [Wed, 12 Jan 2022 07:26:47 GMT] "GET / HTTP/1.1" 200 66996 "http://localhost:8002/users/sign-in" "Mozilla/5.0 (Windows NT 10.0; Win64; x64) AppleWebKit/537.36 (KHTML, like Gecko) Chrome/97.0.4692.71 Safari/537.36"
